

REQUEST:

cmd=_notify-validate&mc_gross=50.00&protection_eligibility=Eligible&payer_id=ZGKN7KVCHUQJW&payment_date=18%3A55%3A47+Apr+25%2C+2020+PDT&payment_status=Completed&charset=windows-1252&first_name=Leigh&mc_fee=3.00&notify_version=3.9&custom=jaymus&payer_status=verified&business=regnak%40uowhitewolf.com&quantity=1&verify_sign=AXscvDtBJWVWGXbjo8gtfy9ASeVUAi8zR54ByTewQWiLXlE0E25iVF0V&payer_email=leigh.patrick%40ymail.com&txn_id=39L89408M5932072J&payment_type=instant&last_name=Patrick&receiver_email=regnak%40uowhitewolf.com&payment_fee=3.00&shipping_discount=0.00&receiver_id=ECF9TYU4NRGLS&insurance_amount=0.00&txn_type=web_accept&item_name=Donation+Tokens&discount=0.00&mc_currency=USD&item_number=DonationToken&residence_country=US&shipping_method=Default&transaction_subject=jaymus&payment_gross=50.00&ipn_track_id=9d4ee2c4371f8


RESPONSE:

VERIFIED


REQUEST:

cmd=_notify-validate&mc_gross=5.00&protection_eligibility=Eligible&payer_id=KCXR4RAK4RPQU&payment_date=12%3A07%3A34+Apr+27%2C+2020+PDT&payment_status=Completed&charset=windows-1252&first_name=Will&mc_fee=0.57&notify_version=3.9&custom=Helishus&payer_status=verified&business=regnak%40uowhitewolf.com&quantity=1&verify_sign=AO2fyelLiGx9kPhQd8jQGLD0baD0A8MovyLW5kfkNEc4sXfVepXmqMKh&payer_email=willtreecepaypal%40gmail.com&txn_id=9P9676816J3579943&payment_type=instant&last_name=Treece&receiver_email=regnak%40uowhitewolf.com&payment_fee=0.57&shipping_discount=0.00&receiver_id=ECF9TYU4NRGLS&insurance_amount=0.00&txn_type=web_accept&item_name=Donation+Tokens&discount=0.00&mc_currency=USD&item_number=DonationToken&residence_country=US&shipping_method=Default&transaction_subject=Helishus&payment_gross=5.00&ipn_track_id=ecbc034e7561e


RESPONSE:

VERIFIED


REQUEST:

cmd=_notify-validate&mc_gross=5.00&protection_eligibility=Ineligible&payer_id=9EZ4HVVSXECEJ&payment_date=13%3A40%3A22+Apr+27%2C+2020+PDT&payment_status=Completed&charset=windows-1252&first_name=William&mc_fee=0.57&notify_version=3.9&custom=Helishus&payer_status=unverified&business=regnak%40uowhitewolf.com&quantity=1&verify_sign=AkgaYmFOTKWHUT8AWXbu13LEz2miAzR2aFp5t.8PrwVm9n-ilx1OZQcG&payer_email=willatreece%40gmail.com&txn_id=3RV47089W21255440&payment_type=instant&last_name=Treece&receiver_email=regnak%40uowhitewolf.com&payment_fee=0.57&shipping_discount=0.00&receiver_id=ECF9TYU4NRGLS&insurance_amount=0.00&txn_type=web_accept&item_name=Donation+Tokens&discount=0.00&mc_currency=USD&item_number=DonationToken&residence_country=US&receipt_id=1496-4611-6102-8322&shipping_method=Default&transaction_subject=Helishus&payment_gross=5.00&ipn_track_id=5249f83e02d2a


RESPONSE:

VERIFIED


REQUEST:

cmd=_notify-validate&mc_gross=20.00&protection_eligibility=Eligible&payer_id=WML46WZR5G3WJ&payment_date=17%3A31%3A47+Apr+27%2C+2020+PDT&payment_status=Completed&charset=windows-1252&first_name=william&mc_fee=1.38&notify_version=3.9&custom=bigbadbill&payer_status=verified&business=regnak%40uowhitewolf.com&quantity=1&verify_sign=A1TIowIVFJGsAPC2bbb5XNhu19MkAFy45iM11pBefvoAyMvLk-soz2vX&payer_email=bgbdbill%40hotmail.com&txn_id=8X7928919E323915T&payment_type=instant&last_name=treece&receiver_email=regnak%40uowhitewolf.com&payment_fee=1.38&shipping_discount=0.00&receiver_id=ECF9TYU4NRGLS&insurance_amount=0.00&txn_type=web_accept&item_name=Donation+Tokens&discount=0.00&mc_currency=USD&item_number=DonationToken&residence_country=US&shipping_method=Default&transaction_subject=bigbadbill&payment_gross=20.00&ipn_track_id=da68f37c893f6


RESPONSE:

VERIFIED


REQUEST:

cmd=_notify-validate&mc_gross=50.00&protection_eligibility=Eligible&payer_id=H68B4KNQELTEW&payment_date=08%3A28%3A59+Apr+28%2C+2020+PDT&payment_status=Completed&charset=windows-1252&first_name=Frank&mc_fee=3.00&notify_version=3.9&custom=Britt2021&payer_status=verified&business=regnak%40uowhitewolf.com&quantity=1&verify_sign=A1pl1bQd9vO1qDpVoYH6.Yxksmd5ALE1AgDdTAPxl9zCqQyg0wqhRUCK&payer_email=ftreecejr%40gmail.com&txn_id=7CN22860P3590804J&payment_type=instant&last_name=Treece&receiver_email=regnak%40uowhitewolf.com&payment_fee=3.00&shipping_discount=0.00&receiver_id=ECF9TYU4NRGLS&insurance_amount=0.00&txn_type=web_accept&item_name=Donation+Tokens&discount=0.00&mc_currency=USD&item_number=DonationToken&residence_country=US&shipping_method=Default&transaction_subject=Britt2021&payment_gross=50.00&ipn_track_id=be688275ad9c4


RESPONSE:

VERIFIED


REQUEST:

cmd=_notify-validate&mc_gross=20.00&protection_eligibility=Eligible&payer_id=H68B4KNQELTEW&payment_date=10%3A20%3A44+Apr+28%2C+2020+PDT&payment_status=Completed&charset=windows-1252&first_name=Frank&mc_fee=1.38&notify_version=3.9&custom=Britt2021&payer_status=verified&business=regnak%40uowhitewolf.com&quantity=1&verify_sign=AXL3PwHJ3Z0eqqsow2h7VuXDBMIHAA26FBA9LJEPzhRph7I-IkpeddI9&payer_email=ftreecejr%40gmail.com&txn_id=0G013981XH3548348&payment_type=instant&last_name=Treece&receiver_email=regnak%40uowhitewolf.com&payment_fee=1.38&shipping_discount=0.00&receiver_id=ECF9TYU4NRGLS&insurance_amount=0.00&txn_type=web_accept&item_name=Donation+Tokens&discount=0.00&mc_currency=USD&item_number=DonationToken&residence_country=US&shipping_method=Default&transaction_subject=Britt2021&payment_gross=20.00&ipn_track_id=e3ed16a80f449


RESPONSE:

VERIFIED


REQUEST:

cmd=_notify-validate&mc_gross=50.00&protection_eligibility=Eligible&address_status=unconfirmed&payer_id=A5QQ7LTNKPFB2&address_street=63+Patten+Lane&payment_date=18%3A27%3A35+Apr+28%2C+2020+PDT&payment_status=Completed&charset=windows-1252&address_zip=31635&first_name=Anthony&mc_fee=3.00&address_country_code=US&address_name=Anthony+K+Sikes&notify_version=3.9&custom=Zimbone&payer_status=unverified&business=regnak%40uowhitewolf.com&address_country=United+States&address_city=LAKELAND&quantity=1&verify_sign=AH3tT2RKTGZMwwhbpuQQAetrKSKsAgxgN8rJKLy.nxtejIHhGWDprYWp&payer_email=vaikor%40yahoo.com&txn_id=3UT4064793860603L&payment_type=instant&last_name=K+Sikes&address_state=GA&receiver_email=regnak%40uowhitewolf.com&payment_fee=3.00&shipping_discount=0.00&insurance_amount=0.00&receiver_id=ECF9TYU4NRGLS&txn_type=web_accept&item_name=Donation+Tokens&discount=0.00&mc_currency=USD&item_number=DonationToken&residence_country=US&shipping_method=Default&transaction_subject=Zimbone&payment_gross=50.00&ipn_track_id=27bf6eb1261df


RESPONSE:

VERIFIED


REQUEST:

cmd=_notify-validate&mc_gross=60.00&protection_eligibility=Eligible&address_status=unconfirmed&payer_id=A5QQ7LTNKPFB2&address_street=63+Patten+Lane&payment_date=18%3A33%3A12+Apr+28%2C+2020+PDT&payment_status=Completed&charset=windows-1252&address_zip=31635&first_name=Anthony&mc_fee=3.54&address_country_code=US&address_name=Anthony+K+Sikes&notify_version=3.9&custom=Zimbone&payer_status=unverified&business=regnak%40uowhitewolf.com&address_country=United+States&address_city=LAKELAND&quantity=1&verify_sign=AfVA.gmOgo7zxfHAVt5M8xJEKwB.AYRid09.LZ1ariYmvkjLREvieSaJ&payer_email=vaikor%40yahoo.com&txn_id=2C842463YT3411648&payment_type=instant&last_name=K+Sikes&address_state=GA&receiver_email=regnak%40uowhitewolf.com&payment_fee=3.54&shipping_discount=0.00&insurance_amount=0.00&receiver_id=ECF9TYU4NRGLS&txn_type=web_accept&item_name=Donation+Tokens&discount=0.00&mc_currency=USD&item_number=DonationToken&residence_country=US&shipping_method=Default&transaction_subject=Zimbone&payment_gross=60.00&ipn_track_id=568ebbfaa3939


RESPONSE:

VERIFIED


REQUEST:

cmd=_notify-validate&mc_gross=60.00&protection_eligibility=Eligible&payer_id=VCZXL8QZ5MJN4&payment_date=18%3A35%3A20+Apr+28%2C+2020+PDT&payment_status=Completed&charset=windows-1252&first_name=Ken&mc_fee=3.54&notify_version=3.9&custom=Vuokko&payer_status=unverified&business=regnak%40uowhitewolf.com&quantity=1&verify_sign=A7ap-MKvfzqOCOxfk0TsnuXNsz5IAT92rHCdpgtpcTyt7FV.tKOgRVSr&payer_email=kenschlussel%40gmail.com&txn_id=8MY110777G6358250&payment_type=instant&last_name=schlussel&receiver_email=regnak%40uowhitewolf.com&payment_fee=3.54&shipping_discount=0.00&receiver_id=ECF9TYU4NRGLS&insurance_amount=0.00&txn_type=web_accept&item_name=Donation+Tokens&discount=0.00&mc_currency=USD&item_number=DonationToken&residence_country=US&shipping_method=Default&transaction_subject=Vuokko&payment_gross=60.00&ipn_track_id=7d0757e061f18


RESPONSE:

VERIFIED


REQUEST:

cmd=_notify-validate&mc_gross=30.00&protection_eligibility=Eligible&payer_id=GY9EM5RPHHQ3S&payment_date=09%3A23%3A17+Apr+29%2C+2020+PDT&payment_status=Completed&charset=windows-1252&first_name=Cynthia&mc_fee=1.92&notify_version=3.9&custom=ctreece&payer_status=unverified&business=regnak%40uowhitewolf.com&quantity=1&verify_sign=A5NrUSbL0UnVDXj4ioJpGOLUQaRUAJAPlfStwgX7entvzlmtBk98N98i&payer_email=ralphandcindy%40yahoo.com&txn_id=31W11821760382022&payment_type=instant&last_name=Treece&receiver_email=regnak%40uowhitewolf.com&payment_fee=1.92&shipping_discount=0.00&receiver_id=ECF9TYU4NRGLS&insurance_amount=0.00&txn_type=web_accept&item_name=Donation+Tokens&discount=0.00&mc_currency=USD&item_number=DonationToken&residence_country=US&shipping_method=Default&transaction_subject=ctreece&payment_gross=30.00&ipn_track_id=632036f1ee528


RESPONSE:

VERIFIED


REQUEST:

cmd=_notify-validate&mc_gross=25.00&protection_eligibility=Eligible&payer_id=H68B4KNQELTEW&payment_date=17%3A34%3A47+Apr+29%2C+2020+PDT&payment_status=Completed&charset=windows-1252&first_name=Frank&mc_fee=1.65&notify_version=3.9&custom=Britt2021&payer_status=verified&business=regnak%40uowhitewolf.com&quantity=1&verify_sign=AlTex5Ssp9.tBqYwwTEpQY5V.fq6Asxh6TmqVkrwOHrUN1kiZoKW5S6z&payer_email=ftreecejr%40gmail.com&txn_id=7DN01009LM0641837&payment_type=instant&last_name=Treece&receiver_email=regnak%40uowhitewolf.com&payment_fee=1.65&shipping_discount=0.00&receiver_id=ECF9TYU4NRGLS&insurance_amount=0.00&txn_type=web_accept&item_name=Donation+Tokens&discount=0.00&mc_currency=USD&item_number=DonationToken&residence_country=US&shipping_method=Default&transaction_subject=Britt2021&payment_gross=25.00&ipn_track_id=f451c314ed023


RESPONSE:

VERIFIED


REQUEST:

cmd=_notify-validate&mc_gross=20.00&protection_eligibility=Eligible&payer_id=H68B4KNQELTEW&payment_date=17%3A49%3A49+Apr+29%2C+2020+PDT&payment_status=Completed&charset=windows-1252&first_name=Frank&mc_fee=1.38&notify_version=3.9&custom=Britt2021&payer_status=verified&business=regnak%40uowhitewolf.com&quantity=1&verify_sign=ApBUBXJyYo0ERgaCKZtS4dq-BWGjA4dG0MWXGHrdgWjKVgkUSNFizRUe&payer_email=ftreecejr%40gmail.com&txn_id=21688925CG9684540&payment_type=instant&last_name=Treece&receiver_email=regnak%40uowhitewolf.com&payment_fee=1.38&shipping_discount=0.00&receiver_id=ECF9TYU4NRGLS&insurance_amount=0.00&txn_type=web_accept&item_name=Donation+Tokens&discount=0.00&mc_currency=USD&item_number=DonationToken&residence_country=US&shipping_method=Default&transaction_subject=Britt2021&payment_gross=20.00&ipn_track_id=c80ed6097712b


RESPONSE:

VERIFIED


REQUEST:

cmd=_notify-validate&mc_gross=60.00&protection_eligibility=Eligible&address_status=unconfirmed&payer_id=A5QQ7LTNKPFB2&address_street=63+Patten+Lane&payment_date=07%3A18%3A25+Apr+30%2C+2020+PDT&payment_status=Completed&charset=windows-1252&address_zip=31635&first_name=Anthony&mc_fee=3.54&address_country_code=US&address_name=Anthony+K+Sikes&notify_version=3.9&custom=Zimbone&payer_status=unverified&business=regnak%40uowhitewolf.com&address_country=United+States&address_city=LAKELAND&quantity=1&verify_sign=AYGFt85r2NRrljmwMti8ykk7XDNvAmF2ZMSOaj6jF-iscXaDc-gUQHlh&payer_email=vaikor%40yahoo.com&txn_id=677527061D101671Y&payment_type=instant&last_name=K+Sikes&address_state=GA&receiver_email=regnak%40uowhitewolf.com&payment_fee=3.54&shipping_discount=0.00&insurance_amount=0.00&receiver_id=ECF9TYU4NRGLS&txn_type=web_accept&item_name=Donation+Tokens&discount=0.00&mc_currency=USD&item_number=DonationToken&residence_country=US&shipping_method=Default&transaction_subject=Zimbone&payment_gross=60.00&ipn_track_id=9898b6105fc98


RESPONSE:

VERIFIED


REQUEST:

cmd=_notify-validate&mc_gross=353.74&protection_eligibility=Eligible&address_status=unconfirmed&payer_id=HCSELR9RKB8LC&address_street=1903+Erie+St%0D%0A4&payment_date=08%3A47%3A56+Apr+30%2C+2020+PDT&payment_status=Completed&charset=windows-1252&address_zip=20783&first_name=Kathy&mc_fee=19.45&address_country_code=US&address_name=Kathy+Rhea&notify_version=3.9&payer_status=unverified&business=luc-olivier%40open-teck.com&address_country=United+States&address_city=Adelphi&verify_sign=A0bL9or707NcYqOr1g.Y7f45KA9tAWmWYQrzG56mGCGpF.RzS-4VKEt0&payer_email=katnabox%40gmail.com&txn_id=0P895896A6694135H&payment_type=instant&last_name=Rhea&address_state=MD&receiver_email=regnak%40uowhitewolf.com&payment_fee=&receiver_id=ECF9TYU4NRGLS&txn_type=send_money&mc_currency=EUR&residence_country=US&transaction_subject=&payment_gross=&ipn_track_id=cb4a1339685d3


RESPONSE:

VERIFIED


REQUEST:

cmd=_notify-validate&mc_gross=60.00&protection_eligibility=Eligible&payer_id=XDG63WXWVE5H8&payment_date=09%3A27%3A01+Apr+30%2C+2020+PDT&payment_status=Completed&charset=windows-1252&first_name=Warren&mc_fee=2.64&notify_version=3.9&custom=Wozmon&payer_status=verified&business=info%40open-teck.com&quantity=1&verify_sign=AaohmXaschCRErLS3MTjPxd1YG77A0YY0By.YNTxFZldx4iernO0qqYc&payer_email=tkbwlb%40gmail.com&txn_id=57N07785T14732727&payment_type=instant&last_name=Brunsdon&receiver_email=info%40open-teck.com&payment_fee=2.64&shipping_discount=0.00&receiver_id=ECF9TYU4NRGLS&insurance_amount=0.00&txn_type=web_accept&item_name=Donation+Tokens&discount=0.00&mc_currency=USD&item_number=DonationToken&residence_country=GB&shipping_method=Default&transaction_subject=Wozmon&payment_gross=60.00&ipn_track_id=55e51571a46cc


RESPONSE:

VERIFIED


REQUEST:

cmd=_notify-validate&mc_gross=25.00&protection_eligibility=Eligible&payer_id=H68B4KNQELTEW&payment_date=19%3A01%3A39+Apr+30%2C+2020+PDT&payment_status=Completed&charset=windows-1252&first_name=Frank&mc_fee=1.65&notify_version=3.9&custom=Britt2021&payer_status=verified&business=info%40open-teck.com&quantity=1&verify_sign=ARuVwy4W5H53r28Al4832DnWmktZAt2tOQ2Hb.Wu2fNQCoKc6nuc5p3r&payer_email=ftreecejr%40gmail.com&txn_id=9XF22805SM573880U&payment_type=instant&last_name=Treece&receiver_email=info%40open-teck.com&payment_fee=1.65&shipping_discount=0.00&receiver_id=ECF9TYU4NRGLS&insurance_amount=0.00&txn_type=web_accept&item_name=Donation+Tokens&discount=0.00&mc_currency=USD&item_number=DonationToken&residence_country=US&shipping_method=Default&transaction_subject=Britt2021&payment_gross=25.00&ipn_track_id=4ef75e24ac116


RESPONSE:

VERIFIED
