# 4/26/2020 4:15:54 AM
Offending Mobile: Server.Mobiles.Necromancer [0x11DB7 "Lennox"]
Offending Item: 0x400633C5 "Shoes" [Server.Items.Shoes]
Equipped Item: 0x400633C1 "Shoes" [Server.Items.Shoes]
Layer: Shoes

# 4/26/2020 4:15:54 AM
Offending Mobile: Server.Mobiles.Necromancer [0x11DB7 "Lennox"]
Offending Item: 0x400633C7 "FancyShirt" [Server.Items.FancyShirt]
Equipped Item: 0x400633C0 "FancyShirt" [Server.Items.FancyShirt]
Layer: Shirt

# 4/26/2020 4:15:54 AM
Offending Mobile: Server.Mobiles.Necromancer [0x11DB8 "Morven"]
Offending Item: 0x400633D2 "Shoes" [Server.Items.Shoes]
Equipped Item: 0x400633CE "Shoes" [Server.Items.Shoes]
Layer: Shoes

# 4/26/2020 4:15:56 AM
Offending Mobile: Server.Mobiles.FQLegendaryFisher [0x11FF4 "The Legendary Fisher"]
Offending Item: 0x40064692 "SpecialFishingBoots" [Server.Items.SpecialFishingBoots]
Equipped Item: 0x4006468B "Shoes" [Server.Items.Shoes]
Layer: Shoes

# 4/26/2020 4:15:56 AM
Offending Mobile: Server.Mobiles.FQLegendaryFisher [0x11FF4 "The Legendary Fisher"]
Offending Item: 0x40064695 "SpecialFishingPants" [Server.Items.SpecialFishingPants]
Equipped Item: 0x4006468C "ShortPants" [Server.Items.ShortPants]
Layer: Pants

# 4/26/2020 4:15:56 AM
Offending Mobile: Server.Mobiles.FQLegendaryFisher [0x11FF4 "The Legendary Fisher"]
Offending Item: 0x40064696 "SpecialFishingSash" [Server.Items.SpecialFishingSash]
Equipped Item: 0x40064689 "Doublet" [Server.Items.Doublet]
Layer: MiddleTorso

# 4/26/2020 4:15:57 AM
Offending Mobile: Server.Mobiles.LighthouseKeeper [0x120A1 "Markham"]
Offending Item: 0x400648E5 "LongPants" [Server.Items.LongPants]
Equipped Item: 0x400648E1 "ShortPants" [Server.Items.ShortPants]
Layer: Pants

# 4/26/2020 4:15:57 AM
Offending Mobile: Server.Mobiles.Finlor [0x120C7 "Finlor"]
Offending Item: 0x47D "Vandyke" [Server.Items.Vandyke]
Equipped Item: 0x47D "PonyTail" [Server.Items.PonyTail]
Layer: Invalid

# 4/26/2020 4:15:57 AM
Offending Mobile: Server.Mobiles.Arathan [0x120CD "Commodore Arathan"]
Offending Item: 0x47D "Vandyke" [Server.Items.Vandyke]
Equipped Item: 0x47D "PonyTail" [Server.Items.PonyTail]
Layer: Invalid

# 4/26/2020 4:15:57 AM
Offending Mobile: Server.Mobiles.Sevargas [0x120D0 "Sevargas"]
Offending Item: 0x47D "Vandyke" [Server.Items.Vandyke]
Equipped Item: 0x47D "PonyTail" [Server.Items.PonyTail]
Layer: Invalid

# 4/26/2020 4:15:57 AM
Offending Mobile: Server.Mobiles.Orthal [0x120D2 "Orthal"]
Offending Item: 0x47D "Vandyke" [Server.Items.Vandyke]
Equipped Item: 0x47D "PonyTail" [Server.Items.PonyTail]
Layer: Invalid

# 4/26/2020 4:15:57 AM
Offending Mobile: Server.Mobiles.Kyvon [0x120D3 "Kyvon"]
Offending Item: 0x47D "Vandyke" [Server.Items.Vandyke]
Equipped Item: 0x47D "PonyTail" [Server.Items.PonyTail]
Layer: Invalid

# 4/26/2020 4:15:57 AM
Offending Mobile: Server.Mobiles.Flint [0x120E4 "Flint"]
Offending Item: 0x47D "Vandyke" [Server.Items.Vandyke]
Equipped Item: 0x47D "PonyTail" [Server.Items.PonyTail]
Layer: Invalid

# 4/26/2020 4:15:57 AM
Offending Mobile: Server.Mobiles.Snyden [0x120EB "Snyden"]
Offending Item: 0x47D "Vandyke" [Server.Items.Vandyke]
Equipped Item: 0x47D "PonyTail" [Server.Items.PonyTail]
Layer: Invalid

# 4/26/2020 4:15:57 AM
Offending Mobile: Server.Mobiles.Rackham [0x120EC "Rackham"]
Offending Item: 0x47D "Vandyke" [Server.Items.Vandyke]
Equipped Item: 0x47D "PonyTail" [Server.Items.PonyTail]
Layer: Invalid

# 4/26/2020 4:15:57 AM
Offending Mobile: Server.Mobiles.Barthus [0x120ED "Barthus"]
Offending Item: 0x47D "Vandyke" [Server.Items.Vandyke]
Equipped Item: 0x47D "PonyTail" [Server.Items.PonyTail]
Layer: Invalid

# 4/26/2020 4:15:57 AM
Offending Mobile: Server.Mobiles.Caztor [0x120F4 "Caztor"]
Offending Item: 0x47D "Vandyke" [Server.Items.Vandyke]
Equipped Item: 0x47D "PonyTail" [Server.Items.PonyTail]
Layer: Invalid

# 4/26/2020 4:15:57 AM
Offending Mobile: Server.Mobiles.TheCaptain [0x120FB "The Captain"]
Offending Item: 0x47D "Vandyke" [Server.Items.Vandyke]
Equipped Item: 0x47D "PonyTail" [Server.Items.PonyTail]
Layer: Invalid

# 4/26/2020 4:15:57 AM
Offending Mobile: Server.Mobiles.Archambeau [0x1211C "Archambeau"]
Offending Item: 0x0 "Vandyke" [Server.Items.Vandyke]
Equipped Item: 0x0 "LongHair" [Server.Items.LongHair]
Layer: Invalid

# 4/26/2020 4:15:57 AM
Offending Mobile: Server.Mobiles.OldSalty [0x12134 "Old man Salty"]
Offending Item: 0x40064AFA "Shirt" [Server.Items.Shirt]
Equipped Item: 0x40064AF3 "FancyShirt" [Server.Items.FancyShirt]
Layer: Shirt

# 4/26/2020 4:15:57 AM
Offending Mobile: Server.Mobiles.OldSalty [0x12134 "Old man Salty"]
Offending Item: 0x40064AFC "ThighBoots" [Server.Items.ThighBoots]
Equipped Item: 0x40064AF4 "Shoes" [Server.Items.Shoes]
Layer: Shoes

# 4/26/2020 4:15:58 AM
Offending Mobile: Server.Mobiles.Meiko [0x121E8 "Meiko"]
Offending Item: 0x47E "Vandyke" [Server.Items.Vandyke]
Equipped Item: 0x47E "ShortHair" [Server.Items.ShortHair]
Layer: Invalid

# 4/26/2020 4:15:59 AM
Offending Mobile: Server.Mobiles.Necromancer [0x122F3 "Herschel"]
Offending Item: 0x4006551C "Shoes" [Server.Items.Shoes]
Equipped Item: 0x40065518 "Shoes" [Server.Items.Shoes]
Layer: Shoes

# 4/26/2020 9:45:44 PM
Offending Mobile: Server.Mobiles.MasterOfTheArts [0x1CF8B "a master of the arts"]
Offending Item: 0x4015DFDF "PersonalStatueDeed" [Server.Items.PersonalStatueDeed]
Equipped Item: 0x4015DFDE "Gold" [Server.Items.Gold]
Layer: Invalid

# 4/30/2020 6:31:20 AM
Offending Mobile: Server.Mobiles.MasterOfTheArts [0x18122 "a master of the arts"]
Offending Item: 0x4017750C "PersonalStatueDeed" [Server.Items.PersonalStatueDeed]
Equipped Item: 0x4017750B "Gold" [Server.Items.Gold]
Layer: Invalid

