
********************************************************************************

UPDATED:		4/17/2020 12:56:42 PM

ID:			01T58552SV9329050
State:		Processed
Time:		4/17/2020 12:56:42 PM
Version:		1

Account:		fylinthegod
Email:		fylinthegod@gmail.com

Total:		$50 USD
Credit:		500 Donation Tokens
Bonus:		0 Donation Tokens


********************************************************************************

UPDATED:		4/17/2020 12:57:17 PM

ID:			01T58552SV9329050
State:		Claimed
Time:		4/17/2020 12:56:42 PM
Version:		2

Account:		fylinthegod
Email:		fylinthegod@gmail.com

Total:		$50 USD
Credit:		500 Donation Tokens
Bonus:		0 Donation Tokens

Delivered:	4/17/2020 12:57:17 PM
Recipient:	Wamphire

