
********************************************************************************

UPDATED:		3/28/2020 7:13:25 PM

ID:			03B126557Y766241K
State:		Processed
Time:		3/28/2020 7:13:25 PM
Version:		1

Account:		jbaker2
Email:		josh.b.baker75@gmail.com

Total:		$5 USD
Credit:		50 Donation Tokens
Bonus:		0 Donation Tokens

Extra:
{MANUAL ADD}


********************************************************************************

UPDATED:		3/28/2020 7:15:25 PM

ID:			03B126557Y766241K
State:		Claimed
Time:		3/28/2020 7:13:25 PM
Version:		2

Account:		jbaker2
Email:		josh.b.baker75@gmail.com

Total:		$5 USD
Credit:		50 Donation Tokens
Bonus:		0 Donation Tokens

Delivered:	3/28/2020 7:15:25 PM
Recipient:	John Riddle III

Extra:
{MANUAL ADD}

