
********************************************************************************

UPDATED:		4/12/2020 2:54:08 AM

ID:			06R56418L8454071L
State:		Processed
Time:		4/12/2020 2:54:08 AM
Version:		1

Account:		CattAppolt
Email:		marvin_peterson2002@yahoo.com

Total:		$10 USD
Credit:		100 Donation Tokens
Bonus:		0 Donation Tokens


********************************************************************************

UPDATED:		4/12/2020 2:54:49 AM

ID:			06R56418L8454071L
State:		Claimed
Time:		4/12/2020 2:54:08 AM
Version:		2

Account:		CattAppolt
Email:		marvin_peterson2002@yahoo.com

Total:		$10 USD
Credit:		100 Donation Tokens
Bonus:		0 Donation Tokens

Delivered:	4/12/2020 2:54:49 AM
Recipient:	Catt Appolt

