
********************************************************************************

UPDATED:		3/27/2020 7:25:04 AM

ID:			0AN45787077237546
State:		Processed
Time:		3/27/2020 7:25:04 AM
Version:		1

Account:		jbaker2
Email:		josh.b.baker75@gmail.com

Total:		$25 USD
Credit:		250 Donation Tokens
Bonus:		0 Donation Tokens

Extra:
{MANUAL ADD}


********************************************************************************

UPDATED:		3/27/2020 7:29:08 AM

ID:			0AN45787077237546
State:		Claimed
Time:		3/27/2020 7:25:04 AM
Version:		2

Account:		jbaker2
Email:		josh.b.baker75@gmail.com

Total:		$25 USD
Credit:		250 Donation Tokens
Bonus:		0 Donation Tokens

Delivered:	3/27/2020 7:29:08 AM
Recipient:	John Riddle III

Extra:
{MANUAL ADD}

