
********************************************************************************

UPDATED:		4/12/2020 8:50:31 PM

ID:			0FF04927A86914828
State:		Processed
Time:		4/12/2020 8:50:31 PM
Version:		1

Account:		iStealth
Email:		mitchaguirre12@gmail.com

Total:		$10 USD
Credit:		100 Donation Tokens
Bonus:		0 Donation Tokens


********************************************************************************

UPDATED:		4/12/2020 8:51:03 PM

ID:			0FF04927A86914828
State:		Claimed
Time:		4/12/2020 8:50:31 PM
Version:		2

Account:		iStealth
Email:		mitchaguirre12@gmail.com

Total:		$10 USD
Credit:		100 Donation Tokens
Bonus:		0 Donation Tokens

Delivered:	4/12/2020 8:51:03 PM
Recipient:	iStealth

