
********************************************************************************

UPDATED:		3/26/2020 11:49:19 PM

ID:			0LT297631X635611L
State:		Processed
Time:		3/26/2020 11:49:19 PM
Version:		1

Account:		Shandy
Email:		matthewshanddavies@googlemail.com

Total:		$90 USD
Credit:		900 Donation Tokens
Bonus:		0 Donation Tokens

Extra:
{MANUAL ADD}


********************************************************************************

UPDATED:		3/26/2020 11:51:44 PM

ID:			0LT297631X635611L
State:		Claimed
Time:		3/26/2020 11:49:19 PM
Version:		2

Account:		Shandy
Email:		matthewshanddavies@googlemail.com

Total:		$90 USD
Credit:		900 Donation Tokens
Bonus:		9,000 Donation Tokens

Delivered:	3/26/2020 11:51:44 PM
Recipient:	Happy

Extra:
{MANUAL ADD}

