
********************************************************************************

UPDATED:		4/11/2020 10:40:30 PM

ID:			0PK695874F949873G
State:		Processed
Time:		4/11/2020 10:40:30 PM
Version:		1

Account:		CattAppolts
Email:		marvin_peterson2002@yahoo.com

Total:		$50 USD
Credit:		500 Donation Tokens
Bonus:		0 Donation Tokens


********************************************************************************

UPDATED:		4/11/2020 10:44:35 PM

ID:			0PK695874F949873G
State:		Claimed
Time:		4/11/2020 10:40:30 PM
Version:		2

Account:		CattAppolts
Email:		marvin_peterson2002@yahoo.com

Total:		$50 USD
Credit:		500 Donation Tokens
Bonus:		0 Donation Tokens

Delivered:	4/11/2020 10:44:35 PM
Recipient:	Kitty Purrsalot

