
********************************************************************************

UPDATED:		3/11/2020 7:37:36 PM

ID:			112381277
State:		Processed
Time:		3/11/2020 7:37:36 PM
Version:		1

Account:		Gmhixxy
Email:		blabla@bla.bla

Total:		$142 USD
Credit:		1,420 Donation Tokens
Bonus:		0 Donation Tokens

Extra:
{MANUAL ADD}


********************************************************************************

UPDATED:		3/11/2020 7:38:01 PM

ID:			112381277
State:		Claimed
Time:		3/11/2020 7:37:36 PM
Version:		2

Account:		Gmhixxy
Email:		blabla@bla.bla

Total:		$142 USD
Credit:		1,420 Donation Tokens
Bonus:		0 Donation Tokens

Delivered:	3/11/2020 7:38:01 PM
Recipient:	Lord Hixxy

Extra:
{MANUAL ADD}

