
********************************************************************************

UPDATED:		3/11/2020 12:55:19 PM

ID:			115599
State:		Processed
Time:		3/11/2020 12:55:19 PM
Version:		1

Account:		Regnakhan51
Email:		regnakhan@yahoo.com

Total:		$10 USD
Credit:		100 Donation Tokens
Bonus:		0 Donation Tokens

Extra:
{MANUAL ADD}


********************************************************************************

UPDATED:		3/11/2020 12:56:09 PM

ID:			115599
State:		Claimed
Time:		3/11/2020 12:55:19 PM
Version:		2

Account:		Regnakhan51
Email:		regnakhan@yahoo.com

Total:		$10 USD
Credit:		100 Donation Tokens
Bonus:		0 Donation Tokens

Delivered:	3/11/2020 12:56:09 PM
Recipient:	Regnak

Extra:
{MANUAL ADD}

