
********************************************************************************

UPDATED:		4/16/2020 3:59:18 AM

ID:			121006045J014964D
State:		Processed
Time:		4/16/2020 3:59:18 AM
Version:		1

Account:		DragonVagabond
Email:		etienne_levesque9@hotmail.com

Total:		$20 USD
Credit:		200 Donation Tokens
Bonus:		0 Donation Tokens


********************************************************************************

UPDATED:		4/16/2020 4:14:15 AM

ID:			121006045J014964D
State:		Claimed
Time:		4/16/2020 3:59:18 AM
Version:		2

Account:		DragonVagabond
Email:		etienne_levesque9@hotmail.com

Total:		$20 USD
Credit:		200 Donation Tokens
Bonus:		0 Donation Tokens

Delivered:	4/16/2020 4:14:15 AM
Recipient:	DragonVagabond

