
********************************************************************************

UPDATED:		4/12/2020 2:01:48 AM

ID:			14014296TD430252X
State:		Processed
Time:		4/12/2020 2:01:48 AM
Version:		1

Account:		DragonVagabond
Email:		etienne_levesque9@hotmail.com

Total:		$20 USD
Credit:		200 Donation Tokens
Bonus:		0 Donation Tokens


********************************************************************************

UPDATED:		4/12/2020 2:03:46 AM

ID:			14014296TD430252X
State:		Claimed
Time:		4/12/2020 2:01:48 AM
Version:		2

Account:		DragonVagabond
Email:		etienne_levesque9@hotmail.com

Total:		$20 USD
Credit:		200 Donation Tokens
Bonus:		0 Donation Tokens

Delivered:	4/12/2020 2:03:46 AM
Recipient:	DragonVagabond

