
********************************************************************************

UPDATED:		4/1/2020 4:57:34 AM

ID:			17170897XL967354T
State:		Processed
Time:		4/1/2020 4:57:34 AM
Version:		1

Account:		Regnakhan51
Email:		marvin_peterson2002@yahoo.com

Total:		$35 USD
Credit:		350 Donation Tokens
Bonus:		0 Donation Tokens


********************************************************************************

UPDATED:		4/1/2020 9:43:31 AM

ID:			17170897XL967354T
State:		Processed
Time:		4/1/2020 4:57:34 AM
Version:		2

Account:		CattAppolt
Email:		marvin_peterson2002@yahoo.com

Total:		$35 USD
Credit:		350 Donation Tokens
Bonus:		0 Donation Tokens

Extra:
{ACCOUNT CHANGED FROM 'Regnakhan51' TO 'CattAppolt'}


********************************************************************************

UPDATED:		4/1/2020 10:15:28 PM

ID:			17170897XL967354T
State:		Claimed
Time:		4/1/2020 4:57:34 AM
Version:		3

Account:		CattAppolt
Email:		marvin_peterson2002@yahoo.com

Total:		$35 USD
Credit:		350 Donation Tokens
Bonus:		0 Donation Tokens

Delivered:	4/1/2020 10:15:28 PM
Recipient:	Catt Appolt

Extra:
{ACCOUNT CHANGED FROM 'Regnakhan51' TO 'CattAppolt'}

