
********************************************************************************

UPDATED:		4/19/2020 8:16:02 AM

ID:			1H38184009411132U
State:		Processed
Time:		4/19/2020 8:16:02 AM
Version:		1

Account:		ctreece
Email:		ralphandcindy@yahoo.com

Total:		$50 USD
Credit:		500 Donation Tokens
Bonus:		0 Donation Tokens


********************************************************************************

UPDATED:		4/19/2020 8:17:27 AM

ID:			1H38184009411132U
State:		Claimed
Time:		4/19/2020 8:16:02 AM
Version:		2

Account:		ctreece
Email:		ralphandcindy@yahoo.com

Total:		$50 USD
Credit:		500 Donation Tokens
Bonus:		0 Donation Tokens

Delivered:	4/19/2020 8:17:27 AM
Recipient:	Sogrey Madmak

