
********************************************************************************

UPDATED:		4/14/2020 5:41:37 AM

ID:			23F09819K46465039
State:		Processed
Time:		4/14/2020 5:41:37 AM
Version:		1

Account:		Helishus
Email:		willtreecepaypal@gmail.com

Total:		$10 USD
Credit:		100 Donation Tokens
Bonus:		0 Donation Tokens


********************************************************************************

UPDATED:		4/14/2020 5:41:44 AM

ID:			23F09819K46465039
State:		Claimed
Time:		4/14/2020 5:41:37 AM
Version:		2

Account:		Helishus
Email:		willtreecepaypal@gmail.com

Total:		$10 USD
Credit:		100 Donation Tokens
Bonus:		0 Donation Tokens

Delivered:	4/14/2020 5:41:44 AM
Recipient:	Helishus

