
********************************************************************************

UPDATED:		3/31/2020 7:54:39 PM

ID:			25C818159N361490J
State:		Processed
Time:		3/31/2020 7:54:39 PM
Version:		1

Account:		DeicidalGaming
Email:		travis.bittenbender@gmail.com

Total:		$70 USD
Credit:		700 Donation Tokens
Bonus:		0 Donation Tokens


********************************************************************************

UPDATED:		3/31/2020 7:54:58 PM

ID:			25C818159N361490J
State:		Claimed
Time:		3/31/2020 7:54:39 PM
Version:		2

Account:		DeicidalGaming
Email:		travis.bittenbender@gmail.com

Total:		$70 USD
Credit:		700 Donation Tokens
Bonus:		0 Donation Tokens

Delivered:	3/31/2020 7:54:58 PM
Recipient:	Deicidal

