
********************************************************************************

UPDATED:		3/28/2020 12:50:02 PM

ID:			29L32790TS5061206
State:		Processed
Time:		3/28/2020 12:50:02 PM
Version:		1

Account:		Shandy
Email:		matthewshanddavies@googlemail.com

Total:		$20 USD
Credit:		200 Donation Tokens
Bonus:		0 Donation Tokens

Extra:
{MANUAL ADD}


********************************************************************************

UPDATED:		3/28/2020 12:50:39 PM

ID:			29L32790TS5061206
State:		Claimed
Time:		3/28/2020 12:50:02 PM
Version:		2

Account:		Shandy
Email:		matthewshanddavies@googlemail.com

Total:		$20 USD
Credit:		200 Donation Tokens
Bonus:		0 Donation Tokens

Delivered:	3/28/2020 12:50:39 PM
Recipient:	Happy

Extra:
{MANUAL ADD}

