
********************************************************************************

UPDATED:		4/14/2020 6:26:14 PM

ID:			2CY68106D2928982E
State:		Processed
Time:		4/14/2020 6:26:14 PM
Version:		1

Account:		iStealth
Email:		mitchaguirre12@gmail.com

Total:		$40 USD
Credit:		400 Donation Tokens
Bonus:		0 Donation Tokens


********************************************************************************

UPDATED:		4/14/2020 6:26:27 PM

ID:			2CY68106D2928982E
State:		Claimed
Time:		4/14/2020 6:26:14 PM
Version:		2

Account:		iStealth
Email:		mitchaguirre12@gmail.com

Total:		$40 USD
Credit:		400 Donation Tokens
Bonus:		0 Donation Tokens

Delivered:	4/14/2020 6:26:27 PM
Recipient:	iStealth

