
********************************************************************************

UPDATED:		3/27/2020 12:00:54 AM

ID:			2DK33756CJ168331L
State:		Processed
Time:		3/27/2020 12:00:54 AM
Version:		1

Account:		Adamant
Email:		bryan.bailey1@comcast.net

Total:		$50 USD
Credit:		500 Donation Tokens
Bonus:		0 Donation Tokens

Extra:
{MANUAL ADD}


********************************************************************************

UPDATED:		3/27/2020 12:01:20 AM

ID:			2DK33756CJ168331L
State:		Claimed
Time:		3/27/2020 12:00:54 AM
Version:		2

Account:		Adamant
Email:		bryan.bailey1@comcast.net

Total:		$50 USD
Credit:		500 Donation Tokens
Bonus:		5,000 Donation Tokens

Delivered:	3/27/2020 12:01:20 AM
Recipient:	Ros Dominus

Extra:
{MANUAL ADD}

