
********************************************************************************

UPDATED:		4/17/2020 2:38:03 PM

ID:			2E992870E7729301J
State:		Processed
Time:		4/17/2020 2:38:03 PM
Version:		1

Account:		DeicidalGaming
Email:		travis.bittenbender@gmail.com

Total:		$100 USD
Credit:		1,000 Donation Tokens
Bonus:		0 Donation Tokens


********************************************************************************

UPDATED:		4/17/2020 2:41:07 PM

ID:			2E992870E7729301J
State:		Claimed
Time:		4/17/2020 2:38:03 PM
Version:		2

Account:		DeicidalGaming
Email:		travis.bittenbender@gmail.com

Total:		$100 USD
Credit:		1,000 Donation Tokens
Bonus:		0 Donation Tokens

Delivered:	4/17/2020 2:41:07 PM
Recipient:	Deicidal

