
********************************************************************************

UPDATED:		4/17/2020 6:35:35 PM

ID:			2EY063666W881142P
State:		Processed
Time:		4/17/2020 6:35:35 PM
Version:		1

Account:		CattAppolt
Email:		marvin_peterson2002@yahoo.com

Total:		$20 USD
Credit:		200 Donation Tokens
Bonus:		0 Donation Tokens


********************************************************************************

UPDATED:		4/17/2020 6:38:24 PM

ID:			2EY063666W881142P
State:		Claimed
Time:		4/17/2020 6:35:35 PM
Version:		2

Account:		CattAppolt
Email:		marvin_peterson2002@yahoo.com

Total:		$20 USD
Credit:		200 Donation Tokens
Bonus:		0 Donation Tokens

Delivered:	4/17/2020 6:38:24 PM
Recipient:	Catt Appolt

