
********************************************************************************

UPDATED:		4/19/2020 2:04:48 PM

ID:			2FA96101RD305062V
State:		Processed
Time:		4/19/2020 2:04:48 PM
Version:		1

Account:		iStealth
Email:		mitchaguirre12@gmail.com

Total:		$25 USD
Credit:		250 Donation Tokens
Bonus:		0 Donation Tokens


********************************************************************************

UPDATED:		4/19/2020 2:05:00 PM

ID:			2FA96101RD305062V
State:		Claimed
Time:		4/19/2020 2:04:48 PM
Version:		2

Account:		iStealth
Email:		mitchaguirre12@gmail.com

Total:		$25 USD
Credit:		250 Donation Tokens
Bonus:		0 Donation Tokens

Delivered:	4/19/2020 2:05:00 PM
Recipient:	iStealth

