
********************************************************************************

UPDATED:		4/19/2020 3:23:09 PM

ID:			2PY85548L9436704M
State:		Processed
Time:		4/19/2020 3:23:09 PM
Version:		1

Account:		Adamant
Email:		bryan.bailey1@comcast.net

Total:		$80 USD
Credit:		800 Donation Tokens
Bonus:		0 Donation Tokens


********************************************************************************

UPDATED:		4/19/2020 3:56:58 PM

ID:			2PY85548L9436704M
State:		Claimed
Time:		4/19/2020 3:23:09 PM
Version:		2

Account:		Adamant
Email:		bryan.bailey1@comcast.net

Total:		$80 USD
Credit:		800 Donation Tokens
Bonus:		0 Donation Tokens

Delivered:	4/19/2020 3:56:58 PM
Recipient:	Ros Dominus

