
********************************************************************************

UPDATED:		3/31/2020 8:47:24 PM

ID:			2RX5245256206084R
State:		Processed
Time:		3/31/2020 8:47:24 PM
Version:		1

Account:		Liquid1987
Email:		massimiciu@tiscali.it

Total:		$45 USD
Credit:		450 Donation Tokens
Bonus:		0 Donation Tokens


********************************************************************************

UPDATED:		3/31/2020 8:47:45 PM

ID:			2RX5245256206084R
State:		Claimed
Time:		3/31/2020 8:47:24 PM
Version:		2

Account:		Liquid1987
Email:		massimiciu@tiscali.it

Total:		$45 USD
Credit:		450 Donation Tokens
Bonus:		0 Donation Tokens

Delivered:	3/31/2020 8:47:45 PM
Recipient:	Liquidbow

