
********************************************************************************

UPDATED:		4/17/2020 1:59:19 PM

ID:			36230291NP762062L
State:		Processed
Time:		4/17/2020 1:59:19 PM
Version:		1

Account:		nnelson51
Email:		nnelson051@yahoo.com

Total:		$10 USD
Credit:		100 Donation Tokens
Bonus:		0 Donation Tokens


********************************************************************************

UPDATED:		4/17/2020 1:59:30 PM

ID:			36230291NP762062L
State:		Claimed
Time:		4/17/2020 1:59:19 PM
Version:		2

Account:		nnelson51
Email:		nnelson051@yahoo.com

Total:		$10 USD
Credit:		100 Donation Tokens
Bonus:		0 Donation Tokens

Delivered:	4/17/2020 1:59:30 PM
Recipient:	Vernox

