
********************************************************************************

UPDATED:		4/9/2020 5:37:33 PM

ID:			38D56298S4246643K
State:		Processed
Time:		4/9/2020 5:37:33 PM
Version:		1

Account:		DeicidalGaming
Email:		travis.bittenbender@gmail.com

Total:		$100 USD
Credit:		1,000 Donation Tokens
Bonus:		0 Donation Tokens


********************************************************************************

UPDATED:		4/9/2020 5:49:16 PM

ID:			38D56298S4246643K
State:		Claimed
Time:		4/9/2020 5:37:33 PM
Version:		2

Account:		DeicidalGaming
Email:		travis.bittenbender@gmail.com

Total:		$100 USD
Credit:		1,000 Donation Tokens
Bonus:		0 Donation Tokens

Delivered:	4/9/2020 5:49:16 PM
Recipient:	Deicidal

