
********************************************************************************

UPDATED:		4/19/2020 8:45:36 AM

ID:			38X675886C854333U
State:		Processed
Time:		4/19/2020 8:45:36 AM
Version:		1

Account:		Skuldoon
Email:		bgbdbill@hotmail.com

Total:		$20 USD
Credit:		200 Donation Tokens
Bonus:		0 Donation Tokens


********************************************************************************

UPDATED:		4/19/2020 8:46:58 AM

ID:			38X675886C854333U
State:		Claimed
Time:		4/19/2020 8:45:36 AM
Version:		2

Account:		Skuldoon
Email:		bgbdbill@hotmail.com

Total:		$20 USD
Credit:		200 Donation Tokens
Bonus:		0 Donation Tokens

Delivered:	4/19/2020 8:46:58 AM
Recipient:	Digger Joe

