
********************************************************************************

UPDATED:		4/14/2020 4:50:18 AM

ID:			3PH3037912122531X
State:		Processed
Time:		4/14/2020 4:50:18 AM
Version:		1

Account:		CattAppolt
Email:		marvin_peterson2002@yahoo.com

Total:		$10 USD
Credit:		100 Donation Tokens
Bonus:		0 Donation Tokens


********************************************************************************

UPDATED:		4/14/2020 4:50:46 AM

ID:			3PH3037912122531X
State:		Claimed
Time:		4/14/2020 4:50:18 AM
Version:		2

Account:		CattAppolt
Email:		marvin_peterson2002@yahoo.com

Total:		$10 USD
Credit:		100 Donation Tokens
Bonus:		0 Donation Tokens

Delivered:	4/14/2020 4:50:46 AM
Recipient:	Catt Appolt

