
********************************************************************************

UPDATED:		4/11/2020 10:23:44 PM

ID:			45K80301RE857943A
State:		Processed
Time:		4/11/2020 10:23:44 PM
Version:		1

Account:		Regnakhan51
Email:		marvin_peterson2002@yahoo.com

Total:		$20 USD
Credit:		200 Donation Tokens
Bonus:		0 Donation Tokens


********************************************************************************

UPDATED:		4/11/2020 11:20:15 PM

ID:			45K80301RE857943A
State:		Processed
Time:		4/11/2020 10:23:44 PM
Version:		2

Account:		CattAppolt
Email:		marvin_peterson2002@yahoo.com

Total:		$20 USD
Credit:		200 Donation Tokens
Bonus:		0 Donation Tokens

Extra:
{ACCOUNT CHANGED FROM 'Regnakhan51' TO 'CattAppolt'}


********************************************************************************

UPDATED:		4/11/2020 11:59:10 PM

ID:			45K80301RE857943A
State:		Claimed
Time:		4/11/2020 10:23:44 PM
Version:		3

Account:		CattAppolt
Email:		marvin_peterson2002@yahoo.com

Total:		$20 USD
Credit:		200 Donation Tokens
Bonus:		0 Donation Tokens

Delivered:	4/11/2020 11:59:10 PM
Recipient:	Catt Appolt

Extra:
{ACCOUNT CHANGED FROM 'Regnakhan51' TO 'CattAppolt'}

