
********************************************************************************

UPDATED:		4/22/2020 7:06:24 AM

ID:			4H834369DT6639432
State:		Processed
Time:		4/22/2020 7:06:24 AM
Version:		1

Account:		iStealth
Email:		mitchaguirre12@gmail.com

Total:		$13 USD
Credit:		130 Donation Tokens
Bonus:		0 Donation Tokens


********************************************************************************

UPDATED:		4/22/2020 7:16:38 AM

ID:			4H834369DT6639432
State:		Claimed
Time:		4/22/2020 7:06:24 AM
Version:		2

Account:		iStealth
Email:		mitchaguirre12@gmail.com

Total:		$13 USD
Credit:		130 Donation Tokens
Bonus:		0 Donation Tokens

Delivered:	4/22/2020 7:16:38 AM
Recipient:	iStealth

