
********************************************************************************

UPDATED:		4/17/2020 2:01:27 PM

ID:			4JK30523T31754042
State:		Processed
Time:		4/17/2020 2:01:27 PM
Version:		1

Account:		nnelson51
Email:		nnelson051@yahoo.com

Total:		$10 USD
Credit:		100 Donation Tokens
Bonus:		0 Donation Tokens


********************************************************************************

UPDATED:		4/17/2020 2:01:34 PM

ID:			4JK30523T31754042
State:		Claimed
Time:		4/17/2020 2:01:27 PM
Version:		2

Account:		nnelson51
Email:		nnelson051@yahoo.com

Total:		$10 USD
Credit:		100 Donation Tokens
Bonus:		0 Donation Tokens

Delivered:	4/17/2020 2:01:34 PM
Recipient:	Vernox

