
********************************************************************************

UPDATED:		4/2/2020 12:08:41 AM

ID:			4K017686EE699962G
State:		Processed
Time:		4/2/2020 12:08:41 AM
Version:		1

Account:		Shandy
Email:		matthewshanddavies@googlemail.com

Total:		$20 USD
Credit:		200 Donation Tokens
Bonus:		0 Donation Tokens


********************************************************************************

UPDATED:		4/2/2020 12:08:54 AM

ID:			4K017686EE699962G
State:		Claimed
Time:		4/2/2020 12:08:41 AM
Version:		2

Account:		Shandy
Email:		matthewshanddavies@googlemail.com

Total:		$20 USD
Credit:		200 Donation Tokens
Bonus:		0 Donation Tokens

Delivered:	4/2/2020 12:08:54 AM
Recipient:	Happy

