
********************************************************************************

UPDATED:		3/29/2020 1:47:07 PM

ID:			4TY2920660879264B
State:		Processed
Time:		3/29/2020 1:47:07 PM
Version:		1

Account:		Liquid1987
Email:		massimiciu@tiscali.it

Total:		$80 USD
Credit:		800 Donation Tokens
Bonus:		0 Donation Tokens

Extra:
{MANUAL ADD}


********************************************************************************

UPDATED:		3/29/2020 1:47:24 PM

ID:			4TY2920660879264B
State:		Claimed
Time:		3/29/2020 1:47:07 PM
Version:		2

Account:		Liquid1987
Email:		massimiciu@tiscali.it

Total:		$80 USD
Credit:		800 Donation Tokens
Bonus:		0 Donation Tokens

Delivered:	3/29/2020 1:47:24 PM
Recipient:	Liquidbow

Extra:
{MANUAL ADD}

