
********************************************************************************

UPDATED:		4/12/2020 8:07:33 PM

ID:			52276279MM297870J
State:		Processed
Time:		4/12/2020 8:07:33 PM
Version:		1

Account:		iStealth
Email:		mitchaguirre12@gmail.com

Total:		$20 USD
Credit:		200 Donation Tokens
Bonus:		0 Donation Tokens


********************************************************************************

UPDATED:		4/12/2020 8:07:46 PM

ID:			52276279MM297870J
State:		Claimed
Time:		4/12/2020 8:07:33 PM
Version:		2

Account:		iStealth
Email:		mitchaguirre12@gmail.com

Total:		$20 USD
Credit:		200 Donation Tokens
Bonus:		0 Donation Tokens

Delivered:	4/12/2020 8:07:46 PM
Recipient:	iStealth

