
********************************************************************************

UPDATED:		4/3/2020 10:29:31 PM

ID:			54C6400509970854A
State:		Processed
Time:		4/3/2020 10:29:31 PM
Version:		1

Account:		Helishus
Email:		willtreecepaypal@gmail.com

Total:		$20 USD
Credit:		200 Donation Tokens
Bonus:		0 Donation Tokens


********************************************************************************

UPDATED:		4/3/2020 10:29:48 PM

ID:			54C6400509970854A
State:		Claimed
Time:		4/3/2020 10:29:31 PM
Version:		2

Account:		Helishus
Email:		willtreecepaypal@gmail.com

Total:		$20 USD
Credit:		200 Donation Tokens
Bonus:		0 Donation Tokens

Delivered:	4/3/2020 10:29:48 PM
Recipient:	Helishus

