
********************************************************************************

UPDATED:		4/5/2020 8:59:01 PM

ID:			55N5345917405712G
State:		Processed
Time:		4/5/2020 8:59:01 PM
Version:		1

Account:		Shandy
Email:		matthewshanddavies@googlemail.com

Total:		$20 USD
Credit:		200 Donation Tokens
Bonus:		0 Donation Tokens


********************************************************************************

UPDATED:		4/5/2020 8:59:25 PM

ID:			55N5345917405712G
State:		Claimed
Time:		4/5/2020 8:59:01 PM
Version:		2

Account:		Shandy
Email:		matthewshanddavies@googlemail.com

Total:		$20 USD
Credit:		200 Donation Tokens
Bonus:		0 Donation Tokens

Delivered:	4/5/2020 8:59:25 PM
Recipient:	Happy

