
********************************************************************************

UPDATED:		4/15/2020 10:12:19 AM

ID:			5BD14850N18462834
State:		Processed
Time:		4/15/2020 10:12:19 AM
Version:		1

Account:		biter5555
Email:		biter5555@gmail.com

Total:		$70 USD
Credit:		700 Donation Tokens
Bonus:		0 Donation Tokens


********************************************************************************

UPDATED:		4/15/2020 10:12:30 AM

ID:			5BD14850N18462834
State:		Claimed
Time:		4/15/2020 10:12:19 AM
Version:		2

Account:		biter5555
Email:		biter5555@gmail.com

Total:		$70 USD
Credit:		700 Donation Tokens
Bonus:		0 Donation Tokens

Delivered:	4/15/2020 10:12:30 AM
Recipient:	Kastria

