
********************************************************************************

UPDATED:		4/12/2020 8:48:40 PM

ID:			5DK79650NL409664R
State:		Processed
Time:		4/12/2020 8:48:40 PM
Version:		1

Account:		nnelson51
Email:		nnelson051@yahoo.com

Total:		$50 USD
Credit:		500 Donation Tokens
Bonus:		0 Donation Tokens


********************************************************************************

UPDATED:		4/12/2020 8:49:14 PM

ID:			5DK79650NL409664R
State:		Claimed
Time:		4/12/2020 8:48:40 PM
Version:		2

Account:		nnelson51
Email:		nnelson051@yahoo.com

Total:		$50 USD
Credit:		500 Donation Tokens
Bonus:		0 Donation Tokens

Delivered:	4/12/2020 8:49:14 PM
Recipient:	Vernox

