
********************************************************************************

UPDATED:		3/29/2020 5:05:21 PM

ID:			5E260528RW136404J
State:		Processed
Time:		3/29/2020 5:05:21 PM
Version:		1

Account:		tallon027
Email:		tallon027@yahoo.com

Total:		$50 USD
Credit:		500 Donation Tokens
Bonus:		0 Donation Tokens


********************************************************************************

UPDATED:		3/29/2020 5:06:59 PM

ID:			5E260528RW136404J
State:		Claimed
Time:		3/29/2020 5:05:21 PM
Version:		2

Account:		tallon027
Email:		tallon027@yahoo.com

Total:		$50 USD
Credit:		500 Donation Tokens
Bonus:		0 Donation Tokens

Delivered:	3/29/2020 5:06:59 PM
Recipient:	Silus

