
********************************************************************************

UPDATED:		4/14/2020 6:28:31 PM

ID:			5JT93198FR104830F
State:		Processed
Time:		4/14/2020 6:28:31 PM
Version:		1

Account:		tycorc
Email:		rclary69@hotmail.com

Total:		$20 USD
Credit:		200 Donation Tokens
Bonus:		0 Donation Tokens


********************************************************************************

UPDATED:		4/14/2020 6:29:17 PM

ID:			5JT93198FR104830F
State:		Claimed
Time:		4/14/2020 6:28:31 PM
Version:		2

Account:		tycorc
Email:		rclary69@hotmail.com

Total:		$20 USD
Credit:		200 Donation Tokens
Bonus:		0 Donation Tokens

Delivered:	4/14/2020 6:29:17 PM
Recipient:	Tyco

