
********************************************************************************

UPDATED:		4/13/2020 7:54:21 PM

ID:			5K534446VT967915Y
State:		Processed
Time:		4/13/2020 7:54:21 PM
Version:		1

Account:		Helishus
Email:		willtreecepaypal@gmail.com

Total:		$30 USD
Credit:		300 Donation Tokens
Bonus:		0 Donation Tokens


********************************************************************************

UPDATED:		4/13/2020 7:54:35 PM

ID:			5K534446VT967915Y
State:		Claimed
Time:		4/13/2020 7:54:21 PM
Version:		2

Account:		Helishus
Email:		willtreecepaypal@gmail.com

Total:		$30 USD
Credit:		300 Donation Tokens
Bonus:		0 Donation Tokens

Delivered:	4/13/2020 7:54:35 PM
Recipient:	Helishus

