
********************************************************************************

UPDATED:		4/15/2020 5:29:54 PM

ID:			5R490592021008715
State:		Processed
Time:		4/15/2020 5:29:54 PM
Version:		1

Account:		CattAppolt
Email:		marvin_peterson2002@yahoo.com

Total:		$51 USD
Credit:		510 Donation Tokens
Bonus:		0 Donation Tokens


********************************************************************************

UPDATED:		4/15/2020 5:31:59 PM

ID:			5R490592021008715
State:		Claimed
Time:		4/15/2020 5:29:54 PM
Version:		2

Account:		CattAppolt
Email:		marvin_peterson2002@yahoo.com

Total:		$51 USD
Credit:		510 Donation Tokens
Bonus:		0 Donation Tokens

Delivered:	4/15/2020 5:31:59 PM
Recipient:	Catt Appolt

