
********************************************************************************

UPDATED:		4/17/2020 12:36:19 PM

ID:			5Y103850WD708603C
State:		Processed
Time:		4/17/2020 12:36:19 PM
Version:		1

Account:		Jewell1234
Email:		katnabox@gmail.com

Total:		$200 USD
Credit:		2,000 Donation Tokens
Bonus:		0 Donation Tokens


********************************************************************************

UPDATED:		4/17/2020 3:48:24 PM

ID:			5Y103850WD708603C
State:		Claimed
Time:		4/17/2020 12:36:19 PM
Version:		2

Account:		Jewell1234
Email:		katnabox@gmail.com

Total:		$200 USD
Credit:		2,000 Donation Tokens
Bonus:		0 Donation Tokens

Delivered:	4/17/2020 3:48:24 PM
Recipient:	Angel

