
********************************************************************************

UPDATED:		4/16/2020 7:02:00 AM

ID:			5YF9167152361674X
State:		Processed
Time:		4/16/2020 7:02:00 AM
Version:		1

Account:		DragonVagabond
Email:		etienne_levesque9@hotmail.com

Total:		$10 USD
Credit:		100 Donation Tokens
Bonus:		0 Donation Tokens


********************************************************************************

UPDATED:		4/16/2020 7:03:42 AM

ID:			5YF9167152361674X
State:		Claimed
Time:		4/16/2020 7:02:00 AM
Version:		2

Account:		DragonVagabond
Email:		etienne_levesque9@hotmail.com

Total:		$10 USD
Credit:		100 Donation Tokens
Bonus:		0 Donation Tokens

Delivered:	4/16/2020 7:03:42 AM
Recipient:	DragonVagabond

