
********************************************************************************

UPDATED:		4/9/2020 4:25:39 AM

ID:			64T475881Y7285324
State:		Processed
Time:		4/9/2020 4:25:39 AM
Version:		1

Account:		iStealth
Email:		mitchaguirre12@gmail.com

Total:		$8 USD
Credit:		80 Donation Tokens
Bonus:		0 Donation Tokens


********************************************************************************

UPDATED:		4/9/2020 4:25:52 AM

ID:			64T475881Y7285324
State:		Claimed
Time:		4/9/2020 4:25:39 AM
Version:		2

Account:		iStealth
Email:		mitchaguirre12@gmail.com

Total:		$8 USD
Credit:		80 Donation Tokens
Bonus:		0 Donation Tokens

Delivered:	4/9/2020 4:25:52 AM
Recipient:	iStealth

