
********************************************************************************

UPDATED:		4/8/2020 10:58:05 PM

ID:			6NV47783UL377560P
State:		Processed
Time:		4/8/2020 10:58:05 PM
Version:		1

Account:		tycorc
Email:		rclary69@hotmail.com

Total:		$10 USD
Credit:		100 Donation Tokens
Bonus:		0 Donation Tokens


********************************************************************************

UPDATED:		4/8/2020 10:58:29 PM

ID:			6NV47783UL377560P
State:		Claimed
Time:		4/8/2020 10:58:05 PM
Version:		2

Account:		tycorc
Email:		rclary69@hotmail.com

Total:		$10 USD
Credit:		100 Donation Tokens
Bonus:		0 Donation Tokens

Delivered:	4/8/2020 10:58:29 PM
Recipient:	Tyco

