
********************************************************************************

UPDATED:		4/9/2020 4:13:27 AM

ID:			6RN12461YV311241P
State:		Processed
Time:		4/9/2020 4:13:27 AM
Version:		1

Account:		iStealth
Email:		mitchaguirre12@gmail.com

Total:		$15 USD
Credit:		150 Donation Tokens
Bonus:		0 Donation Tokens


********************************************************************************

UPDATED:		4/9/2020 4:13:42 AM

ID:			6RN12461YV311241P
State:		Claimed
Time:		4/9/2020 4:13:27 AM
Version:		2

Account:		iStealth
Email:		mitchaguirre12@gmail.com

Total:		$15 USD
Credit:		150 Donation Tokens
Bonus:		0 Donation Tokens

Delivered:	4/9/2020 4:13:42 AM
Recipient:	iStealth

