
********************************************************************************

UPDATED:		3/27/2020 12:45:12 AM

ID:			6SW5296505997254C
State:		Processed
Time:		3/27/2020 12:45:12 AM
Version:		1

Account:		Shandy
Email:		matthewshanddavies@googlemail.com

Total:		$15 USD
Credit:		150 Donation Tokens
Bonus:		0 Donation Tokens

Extra:
{MANUAL ADD}


********************************************************************************

UPDATED:		3/27/2020 12:45:25 AM

ID:			6SW5296505997254C
State:		Claimed
Time:		3/27/2020 12:45:12 AM
Version:		2

Account:		Shandy
Email:		matthewshanddavies@googlemail.com

Total:		$15 USD
Credit:		150 Donation Tokens
Bonus:		0 Donation Tokens

Delivered:	3/27/2020 12:45:25 AM
Recipient:	Happy

Extra:
{MANUAL ADD}

