
********************************************************************************

UPDATED:		4/17/2020 1:54:48 PM

ID:			6TU74269C3699411C
State:		Processed
Time:		4/17/2020 1:54:48 PM
Version:		1

Account:		tycorc
Email:		rclary69@hotmail.com

Total:		$50 USD
Credit:		500 Donation Tokens
Bonus:		0 Donation Tokens


********************************************************************************

UPDATED:		4/17/2020 1:55:11 PM

ID:			6TU74269C3699411C
State:		Claimed
Time:		4/17/2020 1:54:48 PM
Version:		2

Account:		tycorc
Email:		rclary69@hotmail.com

Total:		$50 USD
Credit:		500 Donation Tokens
Bonus:		0 Donation Tokens

Delivered:	4/17/2020 1:55:11 PM
Recipient:	Tyco

