
********************************************************************************

UPDATED:		4/2/2020 5:58:32 AM

ID:			6Y324992ED957571R
State:		Processed
Time:		4/2/2020 5:58:32 AM
Version:		1

Account:		CattAppolt
Email:		marvin_peterson2002@yahoo.com

Total:		$15 USD
Credit:		150 Donation Tokens
Bonus:		0 Donation Tokens


********************************************************************************

UPDATED:		4/2/2020 6:00:06 AM

ID:			6Y324992ED957571R
State:		Claimed
Time:		4/2/2020 5:58:32 AM
Version:		2

Account:		CattAppolt
Email:		marvin_peterson2002@yahoo.com

Total:		$15 USD
Credit:		150 Donation Tokens
Bonus:		0 Donation Tokens

Delivered:	4/2/2020 6:00:06 AM
Recipient:	Catt Appolt

