
********************************************************************************

UPDATED:		4/16/2020 1:04:02 AM

ID:			6YR96822ER4367015
State:		Processed
Time:		4/16/2020 1:04:02 AM
Version:		1

Account:		CattAppolt
Email:		marvin_peterson2002@yahoo.com

Total:		$10 USD
Credit:		100 Donation Tokens
Bonus:		0 Donation Tokens


********************************************************************************

UPDATED:		4/16/2020 1:04:37 AM

ID:			6YR96822ER4367015
State:		Claimed
Time:		4/16/2020 1:04:02 AM
Version:		2

Account:		CattAppolt
Email:		marvin_peterson2002@yahoo.com

Total:		$10 USD
Credit:		100 Donation Tokens
Bonus:		0 Donation Tokens

Delivered:	4/16/2020 1:04:37 AM
Recipient:	Catt Appolt

