
********************************************************************************

UPDATED:		4/1/2020 11:15:17 PM

ID:			71X70413420472807
State:		Processed
Time:		4/1/2020 11:15:17 PM
Version:		1

Account:		Shandy
Email:		matthewshanddavies@googlemail.com

Total:		$20 USD
Credit:		200 Donation Tokens
Bonus:		0 Donation Tokens


********************************************************************************

UPDATED:		4/1/2020 11:15:36 PM

ID:			71X70413420472807
State:		Claimed
Time:		4/1/2020 11:15:17 PM
Version:		2

Account:		Shandy
Email:		matthewshanddavies@googlemail.com

Total:		$20 USD
Credit:		200 Donation Tokens
Bonus:		0 Donation Tokens

Delivered:	4/1/2020 11:15:36 PM
Recipient:	Happy

