
********************************************************************************

UPDATED:		4/18/2020 4:14:48 AM

ID:			76391503NJ8096448
State:		Processed
Time:		4/18/2020 4:14:48 AM
Version:		1

Account:		fylinthegod
Email:		fylinthegod@gmail.com

Total:		$30 USD
Credit:		300 Donation Tokens
Bonus:		0 Donation Tokens


********************************************************************************

UPDATED:		4/18/2020 4:15:05 AM

ID:			76391503NJ8096448
State:		Claimed
Time:		4/18/2020 4:14:48 AM
Version:		2

Account:		fylinthegod
Email:		fylinthegod@gmail.com

Total:		$30 USD
Credit:		300 Donation Tokens
Bonus:		0 Donation Tokens

Delivered:	4/18/2020 4:15:05 AM
Recipient:	Wamphire

