
********************************************************************************

UPDATED:		4/14/2020 4:56:11 AM

ID:			78A68709BU7018249
State:		Processed
Time:		4/14/2020 4:56:11 AM
Version:		1

Account:		CattAppolt
Email:		marvin_peterson2002@yahoo.com

Total:		$10 USD
Credit:		100 Donation Tokens
Bonus:		0 Donation Tokens


********************************************************************************

UPDATED:		4/14/2020 4:56:25 AM

ID:			78A68709BU7018249
State:		Claimed
Time:		4/14/2020 4:56:11 AM
Version:		2

Account:		CattAppolt
Email:		marvin_peterson2002@yahoo.com

Total:		$10 USD
Credit:		100 Donation Tokens
Bonus:		0 Donation Tokens

Delivered:	4/14/2020 4:56:25 AM
Recipient:	Catt Appolt

