
********************************************************************************

UPDATED:		3/29/2020 2:09:14 PM

ID:			7AB17559L3562900G
State:		Processed
Time:		3/29/2020 2:09:14 PM
Version:		1

Account:		Jewell1234
Email:		katnabox.crochet@gmail.com

Total:		$5 USD
Credit:		50 Donation Tokens
Bonus:		0 Donation Tokens


********************************************************************************

UPDATED:		3/29/2020 2:09:51 PM

ID:			7AB17559L3562900G
State:		Claimed
Time:		3/29/2020 2:09:14 PM
Version:		2

Account:		Jewell1234
Email:		katnabox.crochet@gmail.com

Total:		$5 USD
Credit:		50 Donation Tokens
Bonus:		0 Donation Tokens

Delivered:	3/29/2020 2:09:51 PM
Recipient:	Angel

