
********************************************************************************

UPDATED:		4/1/2020 10:13:34 PM

ID:			7FC417176W2794245
State:		Processed
Time:		4/1/2020 10:13:34 PM
Version:		1

Account:		CattAppolt
Email:		marvin_peterson2002@yahoo.com

Total:		$40 USD
Credit:		400 Donation Tokens
Bonus:		0 Donation Tokens


********************************************************************************

UPDATED:		4/1/2020 10:40:40 PM

ID:			7FC417176W2794245
State:		Claimed
Time:		4/1/2020 10:13:34 PM
Version:		2

Account:		CattAppolt
Email:		marvin_peterson2002@yahoo.com

Total:		$40 USD
Credit:		400 Donation Tokens
Bonus:		0 Donation Tokens

Delivered:	4/1/2020 10:40:40 PM
Recipient:	Catt Appolt

