
********************************************************************************

UPDATED:		4/12/2020 9:44:17 AM

ID:			7HV12562BL451882G
State:		Processed
Time:		4/12/2020 9:44:17 AM
Version:		1

Account:		Regnakhan51
Email:		reyng14@yahoo.com

Total:		$0 USD
Credit:		0 Donation Tokens
Bonus:		0 Donation Tokens


********************************************************************************

UPDATED:		4/12/2020 11:26:00 AM

ID:			7HV12562BL451882G
State:		Processed
Time:		4/12/2020 9:44:17 AM
Version:		2

Account:		halle
Email:		reyng14@yahoo.com

Total:		$0 USD
Credit:		200 Donation Tokens
Bonus:		0 Donation Tokens

Extra:
{ACCOUNT CHANGED FROM 'Regnakhan51' TO 'halle'}


********************************************************************************

UPDATED:		4/12/2020 11:32:51 AM

ID:			7HV12562BL451882G
State:		Claimed
Time:		4/12/2020 9:44:17 AM
Version:		3

Account:		halle
Email:		reyng14@yahoo.com

Total:		$0 USD
Credit:		200 Donation Tokens
Bonus:		0 Donation Tokens

Delivered:	4/12/2020 11:32:51 AM
Recipient:	Auri

Extra:
{ACCOUNT CHANGED FROM 'Regnakhan51' TO 'halle'}

