
********************************************************************************

UPDATED:		4/17/2020 12:33:21 PM

ID:			8FD93987FX848524G
State:		Processed
Time:		4/17/2020 12:33:21 PM
Version:		1

Account:		nnelson51
Email:		nnelson051@yahoo.com

Total:		$10 USD
Credit:		100 Donation Tokens
Bonus:		0 Donation Tokens


********************************************************************************

UPDATED:		4/17/2020 12:33:53 PM

ID:			8FD93987FX848524G
State:		Claimed
Time:		4/17/2020 12:33:21 PM
Version:		2

Account:		nnelson51
Email:		nnelson051@yahoo.com

Total:		$10 USD
Credit:		100 Donation Tokens
Bonus:		0 Donation Tokens

Delivered:	4/17/2020 12:33:53 PM
Recipient:	Vernox

