
********************************************************************************

UPDATED:		3/29/2020 2:14:40 PM

ID:			8PF081234H8171241
State:		Processed
Time:		3/29/2020 2:14:40 PM
Version:		1

Account:		Jewell1234
Email:		katnabox.crochet@gmail.com

Total:		$5 USD
Credit:		50 Donation Tokens
Bonus:		0 Donation Tokens

Extra:
{MANUAL ADD}


********************************************************************************

UPDATED:		3/29/2020 2:21:33 PM

ID:			8PF081234H8171241
State:		Claimed
Time:		3/29/2020 2:14:40 PM
Version:		2

Account:		Regnakhan51
Email:		katnabox.crochet@gmail.com

Total:		$5 USD
Credit:		50 Donation Tokens
Bonus:		0 Donation Tokens

Extra:
{MANUAL ADD}{ACCOUNT CHANGED FROM 'Jewell1234' TO 'Regnakhan51'}


********************************************************************************

UPDATED:		3/29/2020 2:21:33 PM

ID:			8PF081234H8171241
State:		Claimed
Time:		3/29/2020 2:14:40 PM
Version:		3

Account:		Regnakhan51
Email:		katnabox.crochet@gmail.com

Total:		$5 USD
Credit:		50 Donation Tokens
Bonus:		0 Donation Tokens

Delivered:	3/29/2020 2:21:33 PM
Recipient:	Tharmine

Extra:
{MANUAL ADD}{ACCOUNT CHANGED FROM 'Jewell1234' TO 'Regnakhan51'}

