
********************************************************************************

UPDATED:		4/22/2020 10:47:39 AM

ID:			8WL821207B729023X
State:		Processed
Time:		4/22/2020 10:47:39 AM
Version:		1

Account:		CattAppolt
Email:		marvin_peterson2002@yahoo.com

Total:		$20 USD
Credit:		200 Donation Tokens
Bonus:		0 Donation Tokens


********************************************************************************

UPDATED:		4/22/2020 10:47:59 AM

ID:			8WL821207B729023X
State:		Claimed
Time:		4/22/2020 10:47:39 AM
Version:		2

Account:		CattAppolt
Email:		marvin_peterson2002@yahoo.com

Total:		$20 USD
Credit:		200 Donation Tokens
Bonus:		0 Donation Tokens

Delivered:	4/22/2020 10:47:59 AM
Recipient:	Catt Appolt

