
********************************************************************************

UPDATED:		4/19/2020 9:04:32 AM

ID:			98222107K3789771S
State:		Processed
Time:		4/19/2020 9:04:32 AM
Version:		1

Account:		tallon027
Email:		tallon027@yahoo.com

Total:		$50 USD
Credit:		500 Donation Tokens
Bonus:		0 Donation Tokens


********************************************************************************

UPDATED:		4/19/2020 9:14:31 AM

ID:			98222107K3789771S
State:		Claimed
Time:		4/19/2020 9:04:32 AM
Version:		2

Account:		tallon027
Email:		tallon027@yahoo.com

Total:		$50 USD
Credit:		500 Donation Tokens
Bonus:		0 Donation Tokens

Delivered:	4/19/2020 9:14:31 AM
Recipient:	Silus

