
********************************************************************************

UPDATED:		3/31/2020 7:27:49 PM

ID:			9CM60747R22591104
State:		Processed
Time:		3/31/2020 7:27:49 PM
Version:		1

Account:		epetrucci
Email:		enzo_petrucci@yahoo.com.br

Total:		$20 USD
Credit:		200 Donation Tokens
Bonus:		0 Donation Tokens


********************************************************************************

UPDATED:		3/31/2020 7:51:48 PM

ID:			9CM60747R22591104
State:		Claimed
Time:		3/31/2020 7:27:49 PM
Version:		2

Account:		epetrucci
Email:		enzo_petrucci@yahoo.com.br

Total:		$20 USD
Credit:		200 Donation Tokens
Bonus:		0 Donation Tokens

Delivered:	3/31/2020 7:51:48 PM
Recipient:	Juruna

