
********************************************************************************

UPDATED:		4/11/2020 4:00:53 PM

ID:			9UU41558VS4504820
State:		Processed
Time:		4/11/2020 4:00:53 PM
Version:		1

Account:		Shandy
Email:		matthewshanddavies@googlemail.com

Total:		$20 USD
Credit:		200 Donation Tokens
Bonus:		0 Donation Tokens


********************************************************************************

UPDATED:		4/11/2020 4:01:20 PM

ID:			9UU41558VS4504820
State:		Claimed
Time:		4/11/2020 4:00:53 PM
Version:		2

Account:		Shandy
Email:		matthewshanddavies@googlemail.com

Total:		$20 USD
Credit:		200 Donation Tokens
Bonus:		0 Donation Tokens

Delivered:	4/11/2020 4:01:20 PM
Recipient:	Happy

