
**********

BACKUP:	Date[4/11/2020 5:30:46 PM]	Mobile[0x14BB9 "Makver"]

WRITE:	Index[4]		Length[50]	Status[SAVED]	Item[0x400C8AE3 "SkillBall"]			Parent[0x400C8AE0 "Backpack"]
WRITE:	Index[54]		Length[230]	Status[SAVED]	Item[0x400C90A0 "Runebook"]			Parent[0x400C8AE0 "Backpack"]
WRITE:	Index[284]		Length[141]	Status[SAVED]	Item[0x400C919C "Runebook"]			Parent[0x400C8AE0 "Backpack"]
WRITE:	Index[425]		Length[159]	Status[SAVED]	Item[0x400C91A8 "Runebook"]			Parent[0x400C8AE0 "Backpack"]
WRITE:	Index[584]		Length[80]	Status[SAVED]	Item[0x400C91B6 "Runebook"]			Parent[0x400C8AE0 "Backpack"]
WRITE:	Index[664]		Length[73]	Status[SAVED]	Item[0x400C8B22 "Trash4TokensBackpack"]			Parent[0x400C8AE0 "Backpack"]
WRITE:	Index[737]		Length[94]	Status[SAVED]	Item[0x400C6914 "FullNecroSpellbook"]			Parent[0x400C8AE0 "Backpack"]
WRITE:	Index[831]		Length[263]	Status[SAVED]	Item[0x400C8B21 "MasterStorage"]			Parent[0x400C8AE0 "Backpack"]
WRITE:	Index[1094]		Length[34]	Status[SAVED]	Item[0x400B52D1 "Bolt"]			Parent[0x400C8B21 "MasterStorage"]
WRITE:	Index[1128]		Length[94]	Status[SAVED]	Item[0x400C6CA7 "FullNinjitsuSpellbook"]			Parent[0x400C8AE0 "Backpack"]
WRITE:	Index[1222]		Length[95]	Status[SAVED]	Item[0x400C6BEC "BookOfChivalry"]			Parent[0x400C8AE0 "Backpack"]
WRITE:	Index[1317]		Length[95]	Status[SAVED]	Item[0x400BB489 "SpellweavingBook"]			Parent[0x400C8AE0 "Backpack"]
WRITE:	Index[1412]		Length[95]	Status[SAVED]	Item[0x400C5F96 "FullMagerySpellbook"]			Parent[0x400C8AE0 "Backpack"]
WRITE:	Index[1507]		Length[94]	Status[SAVED]	Item[0x400C909F "FullBushidoSpellbook"]			Parent[0x400C8AE0 "Backpack"]
WRITE:	Index[1601]		Length[33]	Status[SAVED]	Item[0x400B9ECE "Bandage"]			Parent[0x400C8AE0 "Backpack"]
WRITE:	Index[1634]		Length[49]	Status[SAVED]	Item[0x400B8E0E "PetLeash"]			Parent[0x400C8AE0 "Backpack"]
WRITE:	Index[1683]		Length[500]	Status[SAVED]	Item[0x400CA653 "ShrinkItem"]			Parent[0x400C8AE0 "Backpack"]
WRITE:	Index[2183]		Length[505]	Status[SAVED]	Item[0x400CB2EB "ShrinkItem"]			Parent[0x400C8AE0 "Backpack"]
WRITE:	Index[2688]		Length[505]	Status[SAVED]	Item[0x400CB2ED "ShrinkItem"]			Parent[0x400C8AE0 "Backpack"]
WRITE:	Index[3193]		Length[138]	Status[SAVED]	Item[0x400D1DF5 "WoodenBox"]			Parent[0x400CA9BE "BankBox"]
WRITE:	Index[3331]		Length[214]	Status[SAVED]	Item[0x40098181 "GoldRing"]			Parent[0x400D1DF5 "WoodenBox"]
WRITE:	Index[3545]		Length[219]	Status[SAVED]	Item[0x40098101 "GoldBracelet"]			Parent[0x400D1DF5 "WoodenBox"]
WRITE:	Index[3764]		Length[180]	Status[SAVED]	Item[0x400FF910 "GoldRing"]			Parent[0x400D1DF5 "WoodenBox"]
WRITE:	Index[3944]		Length[180]	Status[SAVED]	Item[0x400FF90D "GoldBracelet"]			Parent[0x400D1DF5 "WoodenBox"]
WRITE:	Index[4124]		Length[162]	Status[SAVED]	Item[0x4005995D "GoldBracelet"]			Parent[0x400D1DF5 "WoodenBox"]
WRITE:	Index[4286]		Length[34]	Status[SAVED]	Item[0x400AB703 "MagicalResidue"]			Parent[0x400D1DF5 "WoodenBox"]
WRITE:	Index[4320]		Length[31]	Status[SAVED]	Item[0x400BC5A3 "EnchantedEssence"]			Parent[0x400D1DF5 "WoodenBox"]
WRITE:	Index[4351]		Length[178]	Status[SAVED]	Item[0x400BC435 "GoldBracelet"]			Parent[0x400D1DF5 "WoodenBox"]
WRITE:	Index[4529]		Length[178]	Status[SAVED]	Item[0x400BC434 "GoldRing"]			Parent[0x400D1DF5 "WoodenBox"]
WRITE:	Index[4707]		Length[33]	Status[SAVED]	Item[0x400BC25B "StarSapphire"]			Parent[0x400D1DF5 "WoodenBox"]
WRITE:	Index[4740]		Length[122]	Status[SAVED]	Item[0x400D1DF4 "WoodenBox"]			Parent[0x400CA9BE "BankBox"]
WRITE:	Index[4862]		Length[34]	Status[SAVED]	Item[0x40126083 "Arrow"]			Parent[0x400D1DF4 "WoodenBox"]
WRITE:	Index[4896]		Length[31]	Status[SAVED]	Item[0x401072F2 "Bandage"]			Parent[0x400D1DF4 "WoodenBox"]
WRITE:	Index[4927]		Length[53]	Status[SAVED]	Item[0x4007AC47 "VoteToken"]			Parent[0x400D1DF4 "WoodenBox"]
WRITE:	Index[4980]		Length[44]	Status[SAVED]	Item[0x400D1D3E "Scissors"]			Parent[0x400D1DF4 "WoodenBox"]
WRITE:	Index[5024]		Length[79]	Status[SAVED]	Item[0x400EA6BB "Backpack"]			Parent[0x400D1DF4 "WoodenBox"]
WRITE:	Index[5103]		Length[55]	Status[SAVED]	Item[0x400F7075 "DonationToken"]			Parent[0x400EA6BB "Backpack"]
WRITE:	Index[5158]		Length[105]	Status[SAVED]	Item[0x401393E9 "CorgulsHandbookOnTheUndead"]			Parent[0x400D1DF4 "WoodenBox"]
WRITE:	Index[5263]		Length[134]	Status[SAVED]	Item[0x400D1DF7 "WoodenBox"]			Parent[0x400CA9BE "BankBox"]
WRITE:	Index[5397]		Length[494]	Status[SAVED]	Item[0x4006645C "ShrinkItem"]			Parent[0x400D1DF7 "WoodenBox"]
WRITE:	Index[5891]		Length[32]	Status[SAVED]	Item[0x400C8AE6 "SquireContract"]			Parent[0x400D1DF7 "WoodenBox"]
WRITE:	Index[5923]		Length[499]	Status[SAVED]	Item[0x40097ECE "ShrinkItem"]			Parent[0x400D1DF7 "WoodenBox"]
WRITE:	Index[6422]		Length[511]	Status[SAVED]	Item[0x4002936A "ShrinkItem"]			Parent[0x400D1DF7 "WoodenBox"]
WRITE:	Index[6933]		Length[494]	Status[SAVED]	Item[0x40076FEA "ShrinkItem"]			Parent[0x400D1DF7 "WoodenBox"]
WRITE:	Index[7427]		Length[494]	Status[SAVED]	Item[0x4007374F "ShrinkItem"]			Parent[0x400D1DF7 "WoodenBox"]
WRITE:	Index[7921]		Length[60]	Status[SAVED]	Item[0x400C54B4 "HammerOfHephaestus"]			Parent[0x400D1DF7 "WoodenBox"]
WRITE:	Index[7981]		Length[503]	Status[SAVED]	Item[0x400C7C51 "ShrinkItem"]			Parent[0x400D1DF7 "WoodenBox"]
WRITE:	Index[8484]		Length[500]	Status[SAVED]	Item[0x400C5AD7 "ShrinkItem"]			Parent[0x400D1DF7 "WoodenBox"]
WRITE:	Index[8984]		Length[274]	Status[SAVED]	Item[0x400D1DF6 "WoodenBox"]			Parent[0x400CA9BE "BankBox"]
WRITE:	Index[9258]		Length[61]	Status[SAVED]	Item[0x4008DD7D "ValoriteIngot"]			Parent[0x400D1DF6 "WoodenBox"]
WRITE:	Index[9319]		Length[38]	Status[SAVED]	Item[0x4008D9DA "Nightshade"]			Parent[0x400D1DF6 "WoodenBox"]
WRITE:	Index[9357]		Length[38]	Status[SAVED]	Item[0x4008DE0A "NoxCrystal"]			Parent[0x400D1DF6 "WoodenBox"]
WRITE:	Index[9395]		Length[38]	Status[SAVED]	Item[0x4008DE0B "GraveDust"]			Parent[0x400D1DF6 "WoodenBox"]
WRITE:	Index[9433]		Length[60]	Status[SAVED]	Item[0x4008DC73 "HornedLeather"]			Parent[0x400D1DF6 "WoodenBox"]
WRITE:	Index[9493]		Length[60]	Status[SAVED]	Item[0x4008DC69 "BarbedLeather"]			Parent[0x400D1DF6 "WoodenBox"]
WRITE:	Index[9553]		Length[60]	Status[SAVED]	Item[0x4008DAA3 "SpinedLeather"]			Parent[0x400D1DF6 "WoodenBox"]
WRITE:	Index[9613]		Length[59]	Status[SAVED]	Item[0x4008DC6F "Leather"]			Parent[0x400D1DF6 "WoodenBox"]
WRITE:	Index[9672]		Length[44]	Status[SAVED]	Item[0x4008D8B9 "OakBoard"]			Parent[0x400D1DF6 "WoodenBox"]
WRITE:	Index[9716]		Length[38]	Status[SAVED]	Item[0x4008DEDD "Bloodmoss"]			Parent[0x400D1DF6 "WoodenBox"]
WRITE:	Index[9754]		Length[38]	Status[SAVED]	Item[0x4008DE24 "DaemonBlood"]			Parent[0x400D1DF6 "WoodenBox"]
WRITE:	Index[9792]		Length[38]	Status[SAVED]	Item[0x4008DEEC "Ginseng"]			Parent[0x400D1DF6 "WoodenBox"]
WRITE:	Index[9830]		Length[38]	Status[SAVED]	Item[0x4008DEB7 "SulfurousAsh"]			Parent[0x400D1DF6 "WoodenBox"]
WRITE:	Index[9868]		Length[44]	Status[SAVED]	Item[0x4008D88C "FrostwoodBoard"]			Parent[0x400D1DF6 "WoodenBox"]
WRITE:	Index[9912]		Length[38]	Status[SAVED]	Item[0x4008DA4D "PigIron"]			Parent[0x400D1DF6 "WoodenBox"]
WRITE:	Index[9950]		Length[44]	Status[SAVED]	Item[0x4008D886 "AshBoard"]			Parent[0x400D1DF6 "WoodenBox"]
WRITE:	Index[9994]		Length[44]	Status[SAVED]	Item[0x4008D8AA "YewBoard"]			Parent[0x400D1DF6 "WoodenBox"]
WRITE:	Index[10038]		Length[38]	Status[SAVED]	Item[0x4008DED9 "MandrakeRoot"]			Parent[0x400D1DF6 "WoodenBox"]
WRITE:	Index[10076]		Length[38]	Status[SAVED]	Item[0x4008DE2A "BatWing"]			Parent[0x400D1DF6 "WoodenBox"]
WRITE:	Index[10114]		Length[38]	Status[SAVED]	Item[0x4008DED3 "Garlic"]			Parent[0x400D1DF6 "WoodenBox"]
WRITE:	Index[10152]		Length[38]	Status[SAVED]	Item[0x4008DEE9 "SpidersSilk"]			Parent[0x400D1DF6 "WoodenBox"]
WRITE:	Index[10190]		Length[38]	Status[SAVED]	Item[0x4008D9F2 "BlackPearl"]			Parent[0x400D1DF6 "WoodenBox"]
WRITE:	Index[10228]		Length[85]	Status[SAVED]	Item[0x400AA45D "RunicTinkerTools"]			Parent[0x400D1DF6 "WoodenBox"]
WRITE:	Index[10313]		Length[63]	Status[SAVED]	Item[0x400C8B1B "RunicSewingKit"]			Parent[0x400D1DF6 "WoodenBox"]
WRITE:	Index[10376]		Length[63]	Status[SAVED]	Item[0x400709E9 "RunicSewingKit"]			Parent[0x400D1DF6 "WoodenBox"]
WRITE:	Index[10439]		Length[63]	Status[SAVED]	Item[0x4008C3BC "RunicSewingKit"]			Parent[0x400D1DF6 "WoodenBox"]
WRITE:	Index[10502]		Length[64]	Status[SAVED]	Item[0x4008C3BB "RunicHammer"]			Parent[0x400D1DF6 "WoodenBox"]
WRITE:	Index[10566]		Length[64]	Status[SAVED]	Item[0x400709E8 "RunicHammer"]			Parent[0x400D1DF6 "WoodenBox"]
WRITE:	Index[10630]		Length[34]	Status[SAVED]	Item[0x4008DF2D "Feather"]			Parent[0x400D1DF6 "WoodenBox"]
WRITE:	Index[10664]		Length[85]	Status[SAVED]	Item[0x4006DCEE "RunicTinkerTools"]			Parent[0x400D1DF6 "WoodenBox"]
WRITE:	Index[10749]		Length[63]	Status[SAVED]	Item[0x4006DCF7 "RunicFletcherTools"]			Parent[0x400D1DF6 "WoodenBox"]
WRITE:	Index[10812]		Length[39]	Status[SAVED]	Item[0x400B7B07 "Board"]			Parent[0x400D1DF6 "WoodenBox"]
WRITE:	Index[10851]		Length[44]	Status[SAVED]	Item[0x4008D882 "HeartwoodBoard"]			Parent[0x400D1DF6 "WoodenBox"]
WRITE:	Index[10895]		Length[44]	Status[SAVED]	Item[0x4008D872 "BloodwoodBoard"]			Parent[0x400D1DF6 "WoodenBox"]
WRITE:	Index[10939]		Length[125]	Status[SAVED]	Item[0x400B6A8D "BaseTalisman"]			Parent[0x400D1DF6 "WoodenBox"]
WRITE:	Index[11064]		Length[59]	Status[SAVED]	Item[0x4008D8D1 "BronzeIngot"]			Parent[0x400D1DF6 "WoodenBox"]
WRITE:	Index[11123]		Length[64]	Status[SAVED]	Item[0x4008D90F "ShadowIronIngot"]			Parent[0x400D1DF6 "WoodenBox"]
WRITE:	Index[11187]		Length[59]	Status[SAVED]	Item[0x4008D913 "GoldIngot"]			Parent[0x400D1DF6 "WoodenBox"]
WRITE:	Index[11246]		Length[59]	Status[SAVED]	Item[0x4008DDA3 "CopperIngot"]			Parent[0x400D1DF6 "WoodenBox"]
WRITE:	Index[11305]		Length[60]	Status[SAVED]	Item[0x4008DDA4 "AgapiteIngot"]			Parent[0x400D1DF6 "WoodenBox"]
WRITE:	Index[11365]		Length[64]	Status[SAVED]	Item[0x4008DDCA "DullCopperIngot"]			Parent[0x400D1DF6 "WoodenBox"]
WRITE:	Index[11429]		Length[55]	Status[SAVED]	Item[0x400289FF "IronIngot"]			Parent[0x400D1DF6 "WoodenBox"]
WRITE:	Index[11484]		Length[64]	Status[SAVED]	Item[0x400C8B1A "RunicHammer"]			Parent[0x400D1DF6 "WoodenBox"]
WRITE:	Index[11548]		Length[56]	Status[SAVED]	Item[0x400ADC02 "VeriteIngot"]			Parent[0x400D1DF6 "WoodenBox"]
WRITE:	Index[11604]		Length[112]	Status[SAVED]	Item[0x4006F9FD "ScrollBox"]			Parent[0x400CA9BE "BankBox"]
WRITE:	Index[11716]		Length[50]	Status[SAVED]	Item[0x400A766D "PowerScroll"]			Parent[0x4006F9FD "ScrollBox"]
WRITE:	Index[11766]		Length[58]	Status[SAVED]	Item[0x400A5EF2 "PSCredits"]			Parent[0x4006F9FD "ScrollBox"]
WRITE:	Index[11824]		Length[50]	Status[SAVED]	Item[0x40070799 "FairyLantern"]			Parent[0x400CA9BE "BankBox"]
WRITE:	Index[11874]		Length[117]	Status[SAVED]	Item[0x400C8AE0 "Backpack"]			Parent[0x14BB9 "Makver"]
WRITE:	Index[11991]		Length[66]	Status[SAVED]	Item[0x400CA9BE "BankBox"]			Parent[0x14BB9 "Makver"]
WRITE:	Index[12057]		Length[147]	Status[SAVED]	Item[0x400C8AE9 "StarterSash"]			Parent[0x14BB9 "Makver"]
WRITE:	Index[12204]		Length[149]	Status[SAVED]	Item[0x400C018E "Shoes"]			Parent[0x14BB9 "Makver"]
WRITE:	Index[12353]		Length[228]	Status[SAVED]	Item[0x400D0DE3 "GoldEarrings"]			Parent[0x14BB9 "Makver"]
WRITE:	Index[12581]		Length[178]	Status[SAVED]	Item[0x400FF90F "GoldRing"]			Parent[0x14BB9 "Makver"]
WRITE:	Index[12759]		Length[178]	Status[SAVED]	Item[0x4005791D "GoldBracelet"]			Parent[0x14BB9 "Makver"]
WRITE:	Index[12937]		Length[145]	Status[SAVED]	Item[0x400FE552 "VampireRobe"]			Parent[0x14BB9 "Makver"]
WRITE:	Index[13082]		Length[189]	Status[SAVED]	Item[0x400CF68F "LeatherLegs"]			Parent[0x14BB9 "Makver"]
WRITE:	Index[13271]		Length[190]	Status[SAVED]	Item[0x400CF5FC "LeatherLegs"]			Parent[0x14BB9 "Makver"]
WRITE:	Index[13461]		Length[188]	Status[SAVED]	Item[0x400CE937 "LeatherLegs"]			Parent[0x14BB9 "Makver"]
WRITE:	Index[13649]		Length[153]	Status[SAVED]	Item[0x400F6E47 "ElvenQuiver"]			Parent[0x14BB9 "Makver"]
WRITE:	Index[13802]		Length[214]	Status[SAVED]	Item[0x40061018 "GoldRing"]			Parent[0x14BB9 "Makver"]
WRITE:	Index[14016]		Length[187]	Status[SAVED]	Item[0x400CE0BD "LeatherLegs"]			Parent[0x14BB9 "Makver"]
WRITE:	Index[14203]		Length[190]	Status[SAVED]	Item[0x400CDD03 "LeatherLegs"]			Parent[0x14BB9 "Makver"]
WRITE:	Index[14393]		Length[168]	Status[SAVED]	Item[0x40120532 "CompositeBowOfEvolution"]			Parent[0x14BB9 "Makver"]
WRITE:	Index[14561]		Length[68]	Status[SAVED]	Item[0x400BFC15 "EtherealHorse"]			Parent[0x14BB9 "Makver"]

RESULT:	Count[114]	Fails[0]	Length[14625]


