
***ERROR LOG [11/28/2019 3:53:40 PM]***
Non-static method requires a target.
System.Reflection.TargetException: Non-static method requires a target.
   at System.Reflection.RuntimeMethodInfo.CheckConsistency(Object target)
   at System.Reflection.RuntimeMethodInfo.InvokeArgumentsCheck(Object obj, BindingFlags invokeAttr, Binder binder, Object[] parameters, CultureInfo culture)
   at System.Reflection.RuntimeMethodInfo.Invoke(Object obj, BindingFlags invokeAttr, Binder binder, Object[] parameters, CultureInfo culture)
   at System.Reflection.MethodBase.Invoke(Object obj, Object[] parameters)
   at VitaNex.VitaNexCore.TryCatch(Delegate action, Action`1 handler) in C:\System\UO\UOServer\Scripts\Custom\Systems\VitaNex\Core\VitaNex.cs:line 623



***ERROR LOG [11/28/2019 3:53:40 PM]***
Non-static method requires a target.
System.Reflection.TargetException: Non-static method requires a target.
   at System.Reflection.RuntimeMethodInfo.CheckConsistency(Object target)
   at System.Reflection.RuntimeMethodInfo.InvokeArgumentsCheck(Object obj, BindingFlags invokeAttr, Binder binder, Object[] parameters, CultureInfo culture)
   at System.Reflection.RuntimeMethodInfo.Invoke(Object obj, BindingFlags invokeAttr, Binder binder, Object[] parameters, CultureInfo culture)
   at System.Reflection.MethodBase.Invoke(Object obj, Object[] parameters)
   at VitaNex.VitaNexCore.TryCatch(Delegate action, Action`1 handler) in C:\System\UO\UOServer\Scripts\Custom\Systems\VitaNex\Core\VitaNex.cs:line 623



***ERROR LOG [11/28/2019 4:55:44 PM]***
Non-static method requires a target.
System.Reflection.TargetException: Non-static method requires a target.
   at System.Reflection.RuntimeMethodInfo.CheckConsistency(Object target)
   at System.Reflection.RuntimeMethodInfo.InvokeArgumentsCheck(Object obj, BindingFlags invokeAttr, Binder binder, Object[] parameters, CultureInfo culture)
   at System.Reflection.RuntimeMethodInfo.Invoke(Object obj, BindingFlags invokeAttr, Binder binder, Object[] parameters, CultureInfo culture)
   at System.Reflection.MethodBase.Invoke(Object obj, Object[] parameters)
   at VitaNex.VitaNexCore.TryCatch(Delegate action, Action`1 handler) in C:\System\UO\UOServer\Scripts\Custom\Systems\VitaNex\Core\VitaNex.cs:line 623



***ERROR LOG [11/28/2019 4:55:44 PM]***
Non-static method requires a target.
System.Reflection.TargetException: Non-static method requires a target.
   at System.Reflection.RuntimeMethodInfo.CheckConsistency(Object target)
   at System.Reflection.RuntimeMethodInfo.InvokeArgumentsCheck(Object obj, BindingFlags invokeAttr, Binder binder, Object[] parameters, CultureInfo culture)
   at System.Reflection.RuntimeMethodInfo.Invoke(Object obj, BindingFlags invokeAttr, Binder binder, Object[] parameters, CultureInfo culture)
   at System.Reflection.MethodBase.Invoke(Object obj, Object[] parameters)
   at VitaNex.VitaNexCore.TryCatch(Delegate action, Action`1 handler) in C:\System\UO\UOServer\Scripts\Custom\Systems\VitaNex\Core\VitaNex.cs:line 623


