
***ERROR LOG [07/11/2019 13:27:13]***
Une méthode non statique requiert une cible.
System.Reflection.TargetException: Une méthode non statique requiert une cible.
   à System.Reflection.RuntimeMethodInfo.CheckConsistency(Object target)
   à System.Reflection.RuntimeMethodInfo.InvokeArgumentsCheck(Object obj, BindingFlags invokeAttr, Binder binder, Object[] parameters, CultureInfo culture)
   à System.Reflection.RuntimeMethodInfo.Invoke(Object obj, BindingFlags invokeAttr, Binder binder, Object[] parameters, CultureInfo culture)
   à System.Reflection.MethodBase.Invoke(Object obj, Object[] parameters)
   à VitaNex.VitaNexCore.TryCatch(Delegate action, Action`1 handler) dans C:\System\UO\UOServer\Scripts\Custom\Systems\VitaNex\Core\VitaNex.cs:ligne 623



***ERROR LOG [07/11/2019 13:27:13]***
Une méthode non statique requiert une cible.
System.Reflection.TargetException: Une méthode non statique requiert une cible.
   à System.Reflection.RuntimeMethodInfo.CheckConsistency(Object target)
   à System.Reflection.RuntimeMethodInfo.InvokeArgumentsCheck(Object obj, BindingFlags invokeAttr, Binder binder, Object[] parameters, CultureInfo culture)
   à System.Reflection.RuntimeMethodInfo.Invoke(Object obj, BindingFlags invokeAttr, Binder binder, Object[] parameters, CultureInfo culture)
   à System.Reflection.MethodBase.Invoke(Object obj, Object[] parameters)
   à VitaNex.VitaNexCore.TryCatch(Delegate action, Action`1 handler) dans C:\System\UO\UOServer\Scripts\Custom\Systems\VitaNex\Core\VitaNex.cs:ligne 623



***ERROR LOG [07/11/2019 13:40:12]***
Une méthode non statique requiert une cible.
System.Reflection.TargetException: Une méthode non statique requiert une cible.
   à System.Reflection.RuntimeMethodInfo.CheckConsistency(Object target)
   à System.Reflection.RuntimeMethodInfo.InvokeArgumentsCheck(Object obj, BindingFlags invokeAttr, Binder binder, Object[] parameters, CultureInfo culture)
   à System.Reflection.RuntimeMethodInfo.Invoke(Object obj, BindingFlags invokeAttr, Binder binder, Object[] parameters, CultureInfo culture)
   à System.Reflection.MethodBase.Invoke(Object obj, Object[] parameters)
   à VitaNex.VitaNexCore.TryCatch(Delegate action, Action`1 handler) dans C:\System\UO\UOServer\Scripts\Custom\Systems\VitaNex\Core\VitaNex.cs:ligne 623



***ERROR LOG [07/11/2019 13:40:12]***
Une méthode non statique requiert une cible.
System.Reflection.TargetException: Une méthode non statique requiert une cible.
   à System.Reflection.RuntimeMethodInfo.CheckConsistency(Object target)
   à System.Reflection.RuntimeMethodInfo.InvokeArgumentsCheck(Object obj, BindingFlags invokeAttr, Binder binder, Object[] parameters, CultureInfo culture)
   à System.Reflection.RuntimeMethodInfo.Invoke(Object obj, BindingFlags invokeAttr, Binder binder, Object[] parameters, CultureInfo culture)
   à System.Reflection.MethodBase.Invoke(Object obj, Object[] parameters)
   à VitaNex.VitaNexCore.TryCatch(Delegate action, Action`1 handler) dans C:\System\UO\UOServer\Scripts\Custom\Systems\VitaNex\Core\VitaNex.cs:ligne 623



***ERROR LOG [11/7/2019 8:45:51 PM]***
Une méthode non statique requiert une cible.
System.Reflection.TargetException: Une méthode non statique requiert une cible.
   à System.Reflection.RuntimeMethodInfo.CheckConsistency(Object target)
   à System.Reflection.RuntimeMethodInfo.InvokeArgumentsCheck(Object obj, BindingFlags invokeAttr, Binder binder, Object[] parameters, CultureInfo culture)
   à System.Reflection.RuntimeMethodInfo.Invoke(Object obj, BindingFlags invokeAttr, Binder binder, Object[] parameters, CultureInfo culture)
   à System.Reflection.MethodBase.Invoke(Object obj, Object[] parameters)
   à VitaNex.VitaNexCore.TryCatch(Delegate action, Action`1 handler) dans C:\System\UO\UOServer\Scripts\Custom\Systems\VitaNex\Core\VitaNex.cs:ligne 623



***ERROR LOG [11/7/2019 8:45:51 PM]***
Une méthode non statique requiert une cible.
System.Reflection.TargetException: Une méthode non statique requiert une cible.
   à System.Reflection.RuntimeMethodInfo.CheckConsistency(Object target)
   à System.Reflection.RuntimeMethodInfo.InvokeArgumentsCheck(Object obj, BindingFlags invokeAttr, Binder binder, Object[] parameters, CultureInfo culture)
   à System.Reflection.RuntimeMethodInfo.Invoke(Object obj, BindingFlags invokeAttr, Binder binder, Object[] parameters, CultureInfo culture)
   à System.Reflection.MethodBase.Invoke(Object obj, Object[] parameters)
   à VitaNex.VitaNexCore.TryCatch(Delegate action, Action`1 handler) dans C:\System\UO\UOServer\Scripts\Custom\Systems\VitaNex\Core\VitaNex.cs:ligne 623



***ERROR LOG [11/7/2019 8:55:32 PM]***
Non-static method requires a target.
System.Reflection.TargetException: Non-static method requires a target.
   at System.Reflection.RuntimeMethodInfo.CheckConsistency(Object target)
   at System.Reflection.RuntimeMethodInfo.InvokeArgumentsCheck(Object obj, BindingFlags invokeAttr, Binder binder, Object[] parameters, CultureInfo culture)
   at System.Reflection.RuntimeMethodInfo.Invoke(Object obj, BindingFlags invokeAttr, Binder binder, Object[] parameters, CultureInfo culture)
   at System.Reflection.MethodBase.Invoke(Object obj, Object[] parameters)
   at VitaNex.VitaNexCore.TryCatch(Delegate action, Action`1 handler) in C:\System\UO\UOServer\Scripts\Custom\Systems\VitaNex\Core\VitaNex.cs:line 623



***ERROR LOG [11/7/2019 8:55:32 PM]***
Non-static method requires a target.
System.Reflection.TargetException: Non-static method requires a target.
   at System.Reflection.RuntimeMethodInfo.CheckConsistency(Object target)
   at System.Reflection.RuntimeMethodInfo.InvokeArgumentsCheck(Object obj, BindingFlags invokeAttr, Binder binder, Object[] parameters, CultureInfo culture)
   at System.Reflection.RuntimeMethodInfo.Invoke(Object obj, BindingFlags invokeAttr, Binder binder, Object[] parameters, CultureInfo culture)
   at System.Reflection.MethodBase.Invoke(Object obj, Object[] parameters)
   at VitaNex.VitaNexCore.TryCatch(Delegate action, Action`1 handler) in C:\System\UO\UOServer\Scripts\Custom\Systems\VitaNex\Core\VitaNex.cs:line 623



***ERROR LOG [11/7/2019 11:09:24 PM]***
Non-static method requires a target.
System.Reflection.TargetException: Non-static method requires a target.
   at System.Reflection.RuntimeMethodInfo.CheckConsistency(Object target)
   at System.Reflection.RuntimeMethodInfo.InvokeArgumentsCheck(Object obj, BindingFlags invokeAttr, Binder binder, Object[] parameters, CultureInfo culture)
   at System.Reflection.RuntimeMethodInfo.Invoke(Object obj, BindingFlags invokeAttr, Binder binder, Object[] parameters, CultureInfo culture)
   at System.Reflection.MethodBase.Invoke(Object obj, Object[] parameters)
   at VitaNex.VitaNexCore.TryCatch(Delegate action, Action`1 handler) in C:\System\UO\UOServer\Scripts\Custom\Systems\VitaNex\Core\VitaNex.cs:line 623



***ERROR LOG [11/7/2019 11:09:24 PM]***
Non-static method requires a target.
System.Reflection.TargetException: Non-static method requires a target.
   at System.Reflection.RuntimeMethodInfo.CheckConsistency(Object target)
   at System.Reflection.RuntimeMethodInfo.InvokeArgumentsCheck(Object obj, BindingFlags invokeAttr, Binder binder, Object[] parameters, CultureInfo culture)
   at System.Reflection.RuntimeMethodInfo.Invoke(Object obj, BindingFlags invokeAttr, Binder binder, Object[] parameters, CultureInfo culture)
   at System.Reflection.MethodBase.Invoke(Object obj, Object[] parameters)
   at VitaNex.VitaNexCore.TryCatch(Delegate action, Action`1 handler) in C:\System\UO\UOServer\Scripts\Custom\Systems\VitaNex\Core\VitaNex.cs:line 623


