
***ERROR LOG [03/11/2019 03:09:26]***
Une méthode non statique requiert une cible.
System.Reflection.TargetException: Une méthode non statique requiert une cible.
   à System.Reflection.RuntimeMethodInfo.CheckConsistency(Object target)
   à System.Reflection.RuntimeMethodInfo.InvokeArgumentsCheck(Object obj, BindingFlags invokeAttr, Binder binder, Object[] parameters, CultureInfo culture)
   à System.Reflection.RuntimeMethodInfo.Invoke(Object obj, BindingFlags invokeAttr, Binder binder, Object[] parameters, CultureInfo culture)
   à System.Reflection.MethodBase.Invoke(Object obj, Object[] parameters)
   à VitaNex.VitaNexCore.TryCatch(Delegate action, Action`1 handler) dans C:\System\UO\UOServer\Scripts\Custom\Systems\VitaNex\Core\VitaNex.cs:ligne 623



***ERROR LOG [03/11/2019 03:09:26]***
Une méthode non statique requiert une cible.
System.Reflection.TargetException: Une méthode non statique requiert une cible.
   à System.Reflection.RuntimeMethodInfo.CheckConsistency(Object target)
   à System.Reflection.RuntimeMethodInfo.InvokeArgumentsCheck(Object obj, BindingFlags invokeAttr, Binder binder, Object[] parameters, CultureInfo culture)
   à System.Reflection.RuntimeMethodInfo.Invoke(Object obj, BindingFlags invokeAttr, Binder binder, Object[] parameters, CultureInfo culture)
   à System.Reflection.MethodBase.Invoke(Object obj, Object[] parameters)
   à VitaNex.VitaNexCore.TryCatch(Delegate action, Action`1 handler) dans C:\System\UO\UOServer\Scripts\Custom\Systems\VitaNex\Core\VitaNex.cs:ligne 623



***ERROR LOG [03/11/2019 15:47:45]***
Une méthode non statique requiert une cible.
System.Reflection.TargetException: Une méthode non statique requiert une cible.
   à System.Reflection.RuntimeMethodInfo.CheckConsistency(Object target)
   à System.Reflection.RuntimeMethodInfo.InvokeArgumentsCheck(Object obj, BindingFlags invokeAttr, Binder binder, Object[] parameters, CultureInfo culture)
   à System.Reflection.RuntimeMethodInfo.Invoke(Object obj, BindingFlags invokeAttr, Binder binder, Object[] parameters, CultureInfo culture)
   à System.Reflection.MethodBase.Invoke(Object obj, Object[] parameters)
   à VitaNex.VitaNexCore.TryCatch(Delegate action, Action`1 handler) dans C:\System\UO\UOServer\Scripts\Custom\Systems\VitaNex\Core\VitaNex.cs:ligne 623



***ERROR LOG [03/11/2019 15:47:45]***
Une méthode non statique requiert une cible.
System.Reflection.TargetException: Une méthode non statique requiert une cible.
   à System.Reflection.RuntimeMethodInfo.CheckConsistency(Object target)
   à System.Reflection.RuntimeMethodInfo.InvokeArgumentsCheck(Object obj, BindingFlags invokeAttr, Binder binder, Object[] parameters, CultureInfo culture)
   à System.Reflection.RuntimeMethodInfo.Invoke(Object obj, BindingFlags invokeAttr, Binder binder, Object[] parameters, CultureInfo culture)
   à System.Reflection.MethodBase.Invoke(Object obj, Object[] parameters)
   à VitaNex.VitaNexCore.TryCatch(Delegate action, Action`1 handler) dans C:\System\UO\UOServer\Scripts\Custom\Systems\VitaNex\Core\VitaNex.cs:ligne 623


