
***ERROR LOG [4/7/2020 5:22:40 AM]***
Non-static method requires a target.
System.Reflection.TargetException: Non-static method requires a target.
   at System.Reflection.RuntimeMethodInfo.CheckConsistency(Object target)
   at System.Reflection.RuntimeMethodInfo.InvokeArgumentsCheck(Object obj, BindingFlags invokeAttr, Binder binder, Object[] parameters, CultureInfo culture)
   at System.Reflection.RuntimeMethodInfo.Invoke(Object obj, BindingFlags invokeAttr, Binder binder, Object[] parameters, CultureInfo culture)
   at System.Reflection.MethodBase.Invoke(Object obj, Object[] parameters)
   at VitaNex.VitaNexCore.TryCatch(Delegate action, Action`1 handler) in C:\UO\Server\Scripts\Custom\Systems\VitaNex\Core\VitaNex.cs:line 623



***ERROR LOG [4/7/2020 5:22:40 AM]***
Non-static method requires a target.
System.Reflection.TargetException: Non-static method requires a target.
   at System.Reflection.RuntimeMethodInfo.CheckConsistency(Object target)
   at System.Reflection.RuntimeMethodInfo.InvokeArgumentsCheck(Object obj, BindingFlags invokeAttr, Binder binder, Object[] parameters, CultureInfo culture)
   at System.Reflection.RuntimeMethodInfo.Invoke(Object obj, BindingFlags invokeAttr, Binder binder, Object[] parameters, CultureInfo culture)
   at System.Reflection.MethodBase.Invoke(Object obj, Object[] parameters)
   at VitaNex.VitaNexCore.TryCatch(Delegate action, Action`1 handler) in C:\UO\Server\Scripts\Custom\Systems\VitaNex\Core\VitaNex.cs:line 623



***ERROR LOG [4/7/2020 6:56:23 PM]***
One or more errors occurred.
System.AggregateException: One or more errors occurred. ---> System.ArgumentException: Offset and length were out of bounds for the array or count is greater than the number of elements from index to the end of the source collection.
   at System.Buffer.BlockCopy(Array src, Int32 srcOffset, Array dst, Int32 dstOffset, Int32 count)
   at Server.CSPRandom._GetBytes(Byte[] b, Int32 offset, Int32 count) in C:\UO\UOServer\Server\Random.cs:line 194
   at Server.CSPRandom.NextDouble() in C:\UO\UOServer\Server\Random.cs:line 237
   at Server.CSPRandom.Next(Int32 c) in C:\UO\UOServer\Server\Random.cs:line 201
   at Server.RandomImpl.Next(Int32 c) in C:\UO\UOServer\Server\Random.cs:line 60
   at Server.Utility.RandomMinMax(Int32 min, Int32 max) in C:\UO\UOServer\Server\Utility.cs:line 901
   at VitaNex.FX.PoisonExplodeEffect.MutateEffect(EffectInfo e) in C:\UO\Server\Scripts\Custom\Systems\VitaNex\Core\Effects\FX\ExplosionFX.cs:line 458
   at VitaNex.FX.BaseEffect`2.<>c__DisplayClass57_0.<Update>b__3(Int32 index) in C:\UO\Server\Scripts\Custom\Systems\VitaNex\Core\Effects\FX\BaseFX.cs:line 140
   at System.Threading.Tasks.Parallel.<>c__DisplayClass17_0`1.<ForWorker>b__1()
   at System.Threading.Tasks.Task.InnerInvokeWithArg(Task childTask)
   at System.Threading.Tasks.Task.<>c__DisplayClass176_0.<ExecuteSelfReplicating>b__0(Object )
   --- End of inner exception stack trace ---
   at System.Threading.Tasks.Task.ThrowIfExceptional(Boolean includeTaskCanceledExceptions)
   at System.Threading.Tasks.Task.Wait(Int32 millisecondsTimeout, CancellationToken cancellationToken)
   at System.Threading.Tasks.Parallel.ForWorker[TLocal](Int32 fromInclusive, Int32 toExclusive, ParallelOptions parallelOptions, Action`1 body, Action`2 bodyWithState, Func`4 bodyWithLocal, Func`1 localInit, Action`1 localFinally)
   at System.Threading.Tasks.Parallel.For(Int32 fromInclusive, Int32 toExclusive, Action`1 body)
   at VitaNex.FX.BaseEffect`2.Update() in C:\UO\Server\Scripts\Custom\Systems\VitaNex\Core\Effects\FX\BaseFX.cs:line 114
   at VitaNex.FX.BaseEffect`2.InternalSend() in C:\UO\Server\Scripts\Custom\Systems\VitaNex\Core\Effects\FX\BaseFX.cs:line 220
   at VitaNex.VitaNexCore.TryCatch(Action action, Action`1 handler) in C:\UO\Server\Scripts\Custom\Systems\VitaNex\Core\VitaNex.cs:line 652
---> (Inner Exception #0) System.ArgumentException: Offset and length were out of bounds for the array or count is greater than the number of elements from index to the end of the source collection.
   at System.Buffer.BlockCopy(Array src, Int32 srcOffset, Array dst, Int32 dstOffset, Int32 count)
   at Server.CSPRandom._GetBytes(Byte[] b, Int32 offset, Int32 count) in C:\UO\UOServer\Server\Random.cs:line 194
   at Server.CSPRandom.NextDouble() in C:\UO\UOServer\Server\Random.cs:line 237
   at Server.CSPRandom.Next(Int32 c) in C:\UO\UOServer\Server\Random.cs:line 201
   at Server.RandomImpl.Next(Int32 c) in C:\UO\UOServer\Server\Random.cs:line 60
   at Server.Utility.RandomMinMax(Int32 min, Int32 max) in C:\UO\UOServer\Server\Utility.cs:line 901
   at VitaNex.FX.PoisonExplodeEffect.MutateEffect(EffectInfo e) in C:\UO\Server\Scripts\Custom\Systems\VitaNex\Core\Effects\FX\ExplosionFX.cs:line 458
   at VitaNex.FX.BaseEffect`2.<>c__DisplayClass57_0.<Update>b__3(Int32 index) in C:\UO\Server\Scripts\Custom\Systems\VitaNex\Core\Effects\FX\BaseFX.cs:line 140
   at System.Threading.Tasks.Parallel.<>c__DisplayClass17_0`1.<ForWorker>b__1()
   at System.Threading.Tasks.Task.InnerInvokeWithArg(Task childTask)
   at System.Threading.Tasks.Task.<>c__DisplayClass176_0.<ExecuteSelfReplicating>b__0(Object )<---




***ERROR LOG [4/7/2020 10:26:29 PM]***
Non-static method requires a target.
System.Reflection.TargetException: Non-static method requires a target.
   at System.Reflection.RuntimeMethodInfo.CheckConsistency(Object target)
   at System.Reflection.RuntimeMethodInfo.InvokeArgumentsCheck(Object obj, BindingFlags invokeAttr, Binder binder, Object[] parameters, CultureInfo culture)
   at System.Reflection.RuntimeMethodInfo.Invoke(Object obj, BindingFlags invokeAttr, Binder binder, Object[] parameters, CultureInfo culture)
   at System.Reflection.MethodBase.Invoke(Object obj, Object[] parameters)
   at VitaNex.VitaNexCore.TryCatch(Delegate action, Action`1 handler) in C:\UO\Server\Scripts\Custom\Systems\VitaNex\Core\VitaNex.cs:line 623



***ERROR LOG [4/7/2020 10:26:29 PM]***
Non-static method requires a target.
System.Reflection.TargetException: Non-static method requires a target.
   at System.Reflection.RuntimeMethodInfo.CheckConsistency(Object target)
   at System.Reflection.RuntimeMethodInfo.InvokeArgumentsCheck(Object obj, BindingFlags invokeAttr, Binder binder, Object[] parameters, CultureInfo culture)
   at System.Reflection.RuntimeMethodInfo.Invoke(Object obj, BindingFlags invokeAttr, Binder binder, Object[] parameters, CultureInfo culture)
   at System.Reflection.MethodBase.Invoke(Object obj, Object[] parameters)
   at VitaNex.VitaNexCore.TryCatch(Delegate action, Action`1 handler) in C:\UO\Server\Scripts\Custom\Systems\VitaNex\Core\VitaNex.cs:line 623


