
***ERROR LOG [11/9/2019 1:10:32 AM]***
Non-static method requires a target.
System.Reflection.TargetException: Non-static method requires a target.
   at System.Reflection.RuntimeMethodInfo.CheckConsistency(Object target)
   at System.Reflection.RuntimeMethodInfo.InvokeArgumentsCheck(Object obj, BindingFlags invokeAttr, Binder binder, Object[] parameters, CultureInfo culture)
   at System.Reflection.RuntimeMethodInfo.Invoke(Object obj, BindingFlags invokeAttr, Binder binder, Object[] parameters, CultureInfo culture)
   at System.Reflection.MethodBase.Invoke(Object obj, Object[] parameters)
   at VitaNex.VitaNexCore.TryCatch(Delegate action, Action`1 handler) in C:\System\UO\UOServer\Scripts\Custom\Systems\VitaNex\Core\VitaNex.cs:line 623



***ERROR LOG [11/9/2019 1:10:32 AM]***
Non-static method requires a target.
System.Reflection.TargetException: Non-static method requires a target.
   at System.Reflection.RuntimeMethodInfo.CheckConsistency(Object target)
   at System.Reflection.RuntimeMethodInfo.InvokeArgumentsCheck(Object obj, BindingFlags invokeAttr, Binder binder, Object[] parameters, CultureInfo culture)
   at System.Reflection.RuntimeMethodInfo.Invoke(Object obj, BindingFlags invokeAttr, Binder binder, Object[] parameters, CultureInfo culture)
   at System.Reflection.MethodBase.Invoke(Object obj, Object[] parameters)
   at VitaNex.VitaNexCore.TryCatch(Delegate action, Action`1 handler) in C:\System\UO\UOServer\Scripts\Custom\Systems\VitaNex\Core\VitaNex.cs:line 623



***ERROR LOG [11/9/2019 4:48:42 PM]***
Non-static method requires a target.
System.Reflection.TargetException: Non-static method requires a target.
   at System.Reflection.RuntimeMethodInfo.CheckConsistency(Object target)
   at System.Reflection.RuntimeMethodInfo.InvokeArgumentsCheck(Object obj, BindingFlags invokeAttr, Binder binder, Object[] parameters, CultureInfo culture)
   at System.Reflection.RuntimeMethodInfo.Invoke(Object obj, BindingFlags invokeAttr, Binder binder, Object[] parameters, CultureInfo culture)
   at System.Reflection.MethodBase.Invoke(Object obj, Object[] parameters)
   at VitaNex.VitaNexCore.TryCatch(Delegate action, Action`1 handler) in C:\System\UO\UOServer\Scripts\Custom\Systems\VitaNex\Core\VitaNex.cs:line 623



***ERROR LOG [11/9/2019 4:48:42 PM]***
Non-static method requires a target.
System.Reflection.TargetException: Non-static method requires a target.
   at System.Reflection.RuntimeMethodInfo.CheckConsistency(Object target)
   at System.Reflection.RuntimeMethodInfo.InvokeArgumentsCheck(Object obj, BindingFlags invokeAttr, Binder binder, Object[] parameters, CultureInfo culture)
   at System.Reflection.RuntimeMethodInfo.Invoke(Object obj, BindingFlags invokeAttr, Binder binder, Object[] parameters, CultureInfo culture)
   at System.Reflection.MethodBase.Invoke(Object obj, Object[] parameters)
   at VitaNex.VitaNexCore.TryCatch(Delegate action, Action`1 handler) in C:\System\UO\UOServer\Scripts\Custom\Systems\VitaNex\Core\VitaNex.cs:line 623



***ERROR LOG [11/9/2019 5:02:18 PM]***
Non-static method requires a target.
System.Reflection.TargetException: Non-static method requires a target.
   at System.Reflection.RuntimeMethodInfo.CheckConsistency(Object target)
   at System.Reflection.RuntimeMethodInfo.InvokeArgumentsCheck(Object obj, BindingFlags invokeAttr, Binder binder, Object[] parameters, CultureInfo culture)
   at System.Reflection.RuntimeMethodInfo.Invoke(Object obj, BindingFlags invokeAttr, Binder binder, Object[] parameters, CultureInfo culture)
   at System.Reflection.MethodBase.Invoke(Object obj, Object[] parameters)
   at VitaNex.VitaNexCore.TryCatch(Delegate action, Action`1 handler) in C:\System\UO\UOServer\Scripts\Custom\Systems\VitaNex\Core\VitaNex.cs:line 623



***ERROR LOG [11/9/2019 5:02:18 PM]***
Non-static method requires a target.
System.Reflection.TargetException: Non-static method requires a target.
   at System.Reflection.RuntimeMethodInfo.CheckConsistency(Object target)
   at System.Reflection.RuntimeMethodInfo.InvokeArgumentsCheck(Object obj, BindingFlags invokeAttr, Binder binder, Object[] parameters, CultureInfo culture)
   at System.Reflection.RuntimeMethodInfo.Invoke(Object obj, BindingFlags invokeAttr, Binder binder, Object[] parameters, CultureInfo culture)
   at System.Reflection.MethodBase.Invoke(Object obj, Object[] parameters)
   at VitaNex.VitaNexCore.TryCatch(Delegate action, Action`1 handler) in C:\System\UO\UOServer\Scripts\Custom\Systems\VitaNex\Core\VitaNex.cs:line 623



***ERROR LOG [11/9/2019 10:31:47 PM]***
Non-static method requires a target.
System.Reflection.TargetException: Non-static method requires a target.
   at System.Reflection.RuntimeMethodInfo.CheckConsistency(Object target)
   at System.Reflection.RuntimeMethodInfo.InvokeArgumentsCheck(Object obj, BindingFlags invokeAttr, Binder binder, Object[] parameters, CultureInfo culture)
   at System.Reflection.RuntimeMethodInfo.Invoke(Object obj, BindingFlags invokeAttr, Binder binder, Object[] parameters, CultureInfo culture)
   at System.Reflection.MethodBase.Invoke(Object obj, Object[] parameters)
   at VitaNex.VitaNexCore.TryCatch(Delegate action, Action`1 handler) in C:\System\UO\UOServer\Scripts\Custom\Systems\VitaNex\Core\VitaNex.cs:line 623



***ERROR LOG [11/9/2019 10:31:47 PM]***
Non-static method requires a target.
System.Reflection.TargetException: Non-static method requires a target.
   at System.Reflection.RuntimeMethodInfo.CheckConsistency(Object target)
   at System.Reflection.RuntimeMethodInfo.InvokeArgumentsCheck(Object obj, BindingFlags invokeAttr, Binder binder, Object[] parameters, CultureInfo culture)
   at System.Reflection.RuntimeMethodInfo.Invoke(Object obj, BindingFlags invokeAttr, Binder binder, Object[] parameters, CultureInfo culture)
   at System.Reflection.MethodBase.Invoke(Object obj, Object[] parameters)
   at VitaNex.VitaNexCore.TryCatch(Delegate action, Action`1 handler) in C:\System\UO\UOServer\Scripts\Custom\Systems\VitaNex\Core\VitaNex.cs:line 623


