
***ERROR LOG [12/14/2019 8:53:47 AM]***
Non-static method requires a target.
System.Reflection.TargetException: Non-static method requires a target.
   at System.Reflection.RuntimeMethodInfo.CheckConsistency(Object target)
   at System.Reflection.RuntimeMethodInfo.InvokeArgumentsCheck(Object obj, BindingFlags invokeAttr, Binder binder, Object[] parameters, CultureInfo culture)
   at System.Reflection.RuntimeMethodInfo.Invoke(Object obj, BindingFlags invokeAttr, Binder binder, Object[] parameters, CultureInfo culture)
   at System.Reflection.MethodBase.Invoke(Object obj, Object[] parameters)
   at VitaNex.VitaNexCore.TryCatch(Delegate action, Action`1 handler) in C:\UO\UOServer\Scripts\Custom\Systems\VitaNex\Core\VitaNex.cs:line 623



***ERROR LOG [12/14/2019 8:53:47 AM]***
Non-static method requires a target.
System.Reflection.TargetException: Non-static method requires a target.
   at System.Reflection.RuntimeMethodInfo.CheckConsistency(Object target)
   at System.Reflection.RuntimeMethodInfo.InvokeArgumentsCheck(Object obj, BindingFlags invokeAttr, Binder binder, Object[] parameters, CultureInfo culture)
   at System.Reflection.RuntimeMethodInfo.Invoke(Object obj, BindingFlags invokeAttr, Binder binder, Object[] parameters, CultureInfo culture)
   at System.Reflection.MethodBase.Invoke(Object obj, Object[] parameters)
   at VitaNex.VitaNexCore.TryCatch(Delegate action, Action`1 handler) in C:\UO\UOServer\Scripts\Custom\Systems\VitaNex\Core\VitaNex.cs:line 623



***ERROR LOG [12/14/2019 2:29:08 PM]***
Non-static method requires a target.
System.Reflection.TargetException: Non-static method requires a target.
   at System.Reflection.RuntimeMethodInfo.CheckConsistency(Object target)
   at System.Reflection.RuntimeMethodInfo.InvokeArgumentsCheck(Object obj, BindingFlags invokeAttr, Binder binder, Object[] parameters, CultureInfo culture)
   at System.Reflection.RuntimeMethodInfo.Invoke(Object obj, BindingFlags invokeAttr, Binder binder, Object[] parameters, CultureInfo culture)
   at System.Reflection.MethodBase.Invoke(Object obj, Object[] parameters)
   at VitaNex.VitaNexCore.TryCatch(Delegate action, Action`1 handler) in C:\UO\UOServer\Scripts\Custom\Systems\VitaNex\Core\VitaNex.cs:line 623



***ERROR LOG [12/14/2019 2:29:08 PM]***
Non-static method requires a target.
System.Reflection.TargetException: Non-static method requires a target.
   at System.Reflection.RuntimeMethodInfo.CheckConsistency(Object target)
   at System.Reflection.RuntimeMethodInfo.InvokeArgumentsCheck(Object obj, BindingFlags invokeAttr, Binder binder, Object[] parameters, CultureInfo culture)
   at System.Reflection.RuntimeMethodInfo.Invoke(Object obj, BindingFlags invokeAttr, Binder binder, Object[] parameters, CultureInfo culture)
   at System.Reflection.MethodBase.Invoke(Object obj, Object[] parameters)
   at VitaNex.VitaNexCore.TryCatch(Delegate action, Action`1 handler) in C:\UO\UOServer\Scripts\Custom\Systems\VitaNex\Core\VitaNex.cs:line 623



***ERROR LOG [12/14/2019 3:37:24 PM]***
Non-static method requires a target.
System.Reflection.TargetException: Non-static method requires a target.
   at System.Reflection.RuntimeMethodInfo.CheckConsistency(Object target)
   at System.Reflection.RuntimeMethodInfo.InvokeArgumentsCheck(Object obj, BindingFlags invokeAttr, Binder binder, Object[] parameters, CultureInfo culture)
   at System.Reflection.RuntimeMethodInfo.Invoke(Object obj, BindingFlags invokeAttr, Binder binder, Object[] parameters, CultureInfo culture)
   at System.Reflection.MethodBase.Invoke(Object obj, Object[] parameters)
   at VitaNex.VitaNexCore.TryCatch(Delegate action, Action`1 handler) in C:\UO\UOServer\Scripts\Custom\Systems\VitaNex\Core\VitaNex.cs:line 623



***ERROR LOG [12/14/2019 3:37:24 PM]***
Non-static method requires a target.
System.Reflection.TargetException: Non-static method requires a target.
   at System.Reflection.RuntimeMethodInfo.CheckConsistency(Object target)
   at System.Reflection.RuntimeMethodInfo.InvokeArgumentsCheck(Object obj, BindingFlags invokeAttr, Binder binder, Object[] parameters, CultureInfo culture)
   at System.Reflection.RuntimeMethodInfo.Invoke(Object obj, BindingFlags invokeAttr, Binder binder, Object[] parameters, CultureInfo culture)
   at System.Reflection.MethodBase.Invoke(Object obj, Object[] parameters)
   at VitaNex.VitaNexCore.TryCatch(Delegate action, Action`1 handler) in C:\UO\UOServer\Scripts\Custom\Systems\VitaNex\Core\VitaNex.cs:line 623



***ERROR LOG [12/14/2019 4:06:29 PM]***
Non-static method requires a target.
System.Reflection.TargetException: Non-static method requires a target.
   at System.Reflection.RuntimeMethodInfo.CheckConsistency(Object target)
   at System.Reflection.RuntimeMethodInfo.InvokeArgumentsCheck(Object obj, BindingFlags invokeAttr, Binder binder, Object[] parameters, CultureInfo culture)
   at System.Reflection.RuntimeMethodInfo.Invoke(Object obj, BindingFlags invokeAttr, Binder binder, Object[] parameters, CultureInfo culture)
   at System.Reflection.MethodBase.Invoke(Object obj, Object[] parameters)
   at VitaNex.VitaNexCore.TryCatch(Delegate action, Action`1 handler) in C:\UO\UOServer\Scripts\Custom\Systems\VitaNex\Core\VitaNex.cs:line 623



***ERROR LOG [12/14/2019 4:06:29 PM]***
Non-static method requires a target.
System.Reflection.TargetException: Non-static method requires a target.
   at System.Reflection.RuntimeMethodInfo.CheckConsistency(Object target)
   at System.Reflection.RuntimeMethodInfo.InvokeArgumentsCheck(Object obj, BindingFlags invokeAttr, Binder binder, Object[] parameters, CultureInfo culture)
   at System.Reflection.RuntimeMethodInfo.Invoke(Object obj, BindingFlags invokeAttr, Binder binder, Object[] parameters, CultureInfo culture)
   at System.Reflection.MethodBase.Invoke(Object obj, Object[] parameters)
   at VitaNex.VitaNexCore.TryCatch(Delegate action, Action`1 handler) in C:\UO\UOServer\Scripts\Custom\Systems\VitaNex\Core\VitaNex.cs:line 623



***ERROR LOG [12/14/2019 6:00:39 PM]***
Non-static method requires a target.
System.Reflection.TargetException: Non-static method requires a target.
   at System.Reflection.RuntimeMethodInfo.CheckConsistency(Object target)
   at System.Reflection.RuntimeMethodInfo.InvokeArgumentsCheck(Object obj, BindingFlags invokeAttr, Binder binder, Object[] parameters, CultureInfo culture)
   at System.Reflection.RuntimeMethodInfo.Invoke(Object obj, BindingFlags invokeAttr, Binder binder, Object[] parameters, CultureInfo culture)
   at System.Reflection.MethodBase.Invoke(Object obj, Object[] parameters)
   at VitaNex.VitaNexCore.TryCatch(Delegate action, Action`1 handler) in C:\UO\UOServer\Scripts\Custom\Systems\VitaNex\Core\VitaNex.cs:line 623



***ERROR LOG [12/14/2019 6:00:39 PM]***
Non-static method requires a target.
System.Reflection.TargetException: Non-static method requires a target.
   at System.Reflection.RuntimeMethodInfo.CheckConsistency(Object target)
   at System.Reflection.RuntimeMethodInfo.InvokeArgumentsCheck(Object obj, BindingFlags invokeAttr, Binder binder, Object[] parameters, CultureInfo culture)
   at System.Reflection.RuntimeMethodInfo.Invoke(Object obj, BindingFlags invokeAttr, Binder binder, Object[] parameters, CultureInfo culture)
   at System.Reflection.MethodBase.Invoke(Object obj, Object[] parameters)
   at VitaNex.VitaNexCore.TryCatch(Delegate action, Action`1 handler) in C:\UO\UOServer\Scripts\Custom\Systems\VitaNex\Core\VitaNex.cs:line 623


