
***ERROR LOG [3/1/2020 2:27:12 AM]***
Non-static method requires a target.
System.Reflection.TargetException: Non-static method requires a target.
   at System.Reflection.RuntimeMethodInfo.CheckConsistency(Object target)
   at System.Reflection.RuntimeMethodInfo.InvokeArgumentsCheck(Object obj, BindingFlags invokeAttr, Binder binder, Object[] parameters, CultureInfo culture)
   at System.Reflection.RuntimeMethodInfo.Invoke(Object obj, BindingFlags invokeAttr, Binder binder, Object[] parameters, CultureInfo culture)
   at System.Reflection.MethodBase.Invoke(Object obj, Object[] parameters)
   at VitaNex.VitaNexCore.TryCatch(Delegate action, Action`1 handler) in C:\System\UO\UOServer\Scripts\Custom\Systems\VitaNex\Core\VitaNex.cs:line 623



***ERROR LOG [3/1/2020 2:27:12 AM]***
Non-static method requires a target.
System.Reflection.TargetException: Non-static method requires a target.
   at System.Reflection.RuntimeMethodInfo.CheckConsistency(Object target)
   at System.Reflection.RuntimeMethodInfo.InvokeArgumentsCheck(Object obj, BindingFlags invokeAttr, Binder binder, Object[] parameters, CultureInfo culture)
   at System.Reflection.RuntimeMethodInfo.Invoke(Object obj, BindingFlags invokeAttr, Binder binder, Object[] parameters, CultureInfo culture)
   at System.Reflection.MethodBase.Invoke(Object obj, Object[] parameters)
   at VitaNex.VitaNexCore.TryCatch(Delegate action, Action`1 handler) in C:\System\UO\UOServer\Scripts\Custom\Systems\VitaNex\Core\VitaNex.cs:line 623



***ERROR LOG [01-03-20 06:21:13]***
Une méthode non statique requiert une cible.
System.Reflection.TargetException: Une méthode non statique requiert une cible.
   à System.Reflection.RuntimeMethodInfo.CheckConsistency(Object target)
   à System.Reflection.RuntimeMethodInfo.InvokeArgumentsCheck(Object obj, BindingFlags invokeAttr, Binder binder, Object[] parameters, CultureInfo culture)
   à System.Reflection.RuntimeMethodInfo.Invoke(Object obj, BindingFlags invokeAttr, Binder binder, Object[] parameters, CultureInfo culture)
   à System.Reflection.MethodBase.Invoke(Object obj, Object[] parameters)
   à VitaNex.VitaNexCore.TryCatch(Delegate action, Action`1 handler) dans C:\System\UO\UOServer\Scripts\Custom\Systems\VitaNex\Core\VitaNex.cs:ligne 623



***ERROR LOG [01-03-20 06:21:13]***
Une méthode non statique requiert une cible.
System.Reflection.TargetException: Une méthode non statique requiert une cible.
   à System.Reflection.RuntimeMethodInfo.CheckConsistency(Object target)
   à System.Reflection.RuntimeMethodInfo.InvokeArgumentsCheck(Object obj, BindingFlags invokeAttr, Binder binder, Object[] parameters, CultureInfo culture)
   à System.Reflection.RuntimeMethodInfo.Invoke(Object obj, BindingFlags invokeAttr, Binder binder, Object[] parameters, CultureInfo culture)
   à System.Reflection.MethodBase.Invoke(Object obj, Object[] parameters)
   à VitaNex.VitaNexCore.TryCatch(Delegate action, Action`1 handler) dans C:\System\UO\UOServer\Scripts\Custom\Systems\VitaNex\Core\VitaNex.cs:ligne 623



***ERROR LOG [01-03-20 06:34:46]***
Une méthode non statique requiert une cible.
System.Reflection.TargetException: Une méthode non statique requiert une cible.
   à System.Reflection.RuntimeMethodInfo.CheckConsistency(Object target)
   à System.Reflection.RuntimeMethodInfo.InvokeArgumentsCheck(Object obj, BindingFlags invokeAttr, Binder binder, Object[] parameters, CultureInfo culture)
   à System.Reflection.RuntimeMethodInfo.Invoke(Object obj, BindingFlags invokeAttr, Binder binder, Object[] parameters, CultureInfo culture)
   à System.Reflection.MethodBase.Invoke(Object obj, Object[] parameters)
   à VitaNex.VitaNexCore.TryCatch(Delegate action, Action`1 handler) dans C:\System\UO\UOServer\Scripts\Custom\Systems\VitaNex\Core\VitaNex.cs:ligne 623



***ERROR LOG [01-03-20 06:34:47]***
Une méthode non statique requiert une cible.
System.Reflection.TargetException: Une méthode non statique requiert une cible.
   à System.Reflection.RuntimeMethodInfo.CheckConsistency(Object target)
   à System.Reflection.RuntimeMethodInfo.InvokeArgumentsCheck(Object obj, BindingFlags invokeAttr, Binder binder, Object[] parameters, CultureInfo culture)
   à System.Reflection.RuntimeMethodInfo.Invoke(Object obj, BindingFlags invokeAttr, Binder binder, Object[] parameters, CultureInfo culture)
   à System.Reflection.MethodBase.Invoke(Object obj, Object[] parameters)
   à VitaNex.VitaNexCore.TryCatch(Delegate action, Action`1 handler) dans C:\System\UO\UOServer\Scripts\Custom\Systems\VitaNex\Core\VitaNex.cs:ligne 623



***ERROR LOG [01-03-20 06:49:17]***
Une méthode non statique requiert une cible.
System.Reflection.TargetException: Une méthode non statique requiert une cible.
   à System.Reflection.RuntimeMethodInfo.CheckConsistency(Object target)
   à System.Reflection.RuntimeMethodInfo.InvokeArgumentsCheck(Object obj, BindingFlags invokeAttr, Binder binder, Object[] parameters, CultureInfo culture)
   à System.Reflection.RuntimeMethodInfo.Invoke(Object obj, BindingFlags invokeAttr, Binder binder, Object[] parameters, CultureInfo culture)
   à System.Reflection.MethodBase.Invoke(Object obj, Object[] parameters)
   à VitaNex.VitaNexCore.TryCatch(Delegate action, Action`1 handler) dans C:\System\UO\UOServer\Scripts\Custom\Systems\VitaNex\Core\VitaNex.cs:ligne 623



***ERROR LOG [01-03-20 06:49:17]***
Une méthode non statique requiert une cible.
System.Reflection.TargetException: Une méthode non statique requiert une cible.
   à System.Reflection.RuntimeMethodInfo.CheckConsistency(Object target)
   à System.Reflection.RuntimeMethodInfo.InvokeArgumentsCheck(Object obj, BindingFlags invokeAttr, Binder binder, Object[] parameters, CultureInfo culture)
   à System.Reflection.RuntimeMethodInfo.Invoke(Object obj, BindingFlags invokeAttr, Binder binder, Object[] parameters, CultureInfo culture)
   à System.Reflection.MethodBase.Invoke(Object obj, Object[] parameters)
   à VitaNex.VitaNexCore.TryCatch(Delegate action, Action`1 handler) dans C:\System\UO\UOServer\Scripts\Custom\Systems\VitaNex\Core\VitaNex.cs:ligne 623


